{"logTime": "0229/054442", "correlationVector":"VH89+tb7jrQgQmFBKA2CNT.1","action":"SyncServerConnectionManagerRequest", "result":"SYNC_SERVER_OK", "context":{"environment":"Prod_SouthCentralUS_000i", "migrationStage":"NotStarted", "server":"GENERAL01000010"}}
{"logTime": "0229/054442", "correlationVector":"VH89+tb7jrQgQmFBKA2CNT","action":"Initial GetUpdates", "result":"", "context":Reason: NEW_CLIENT. cV=VH89+tb7jrQgQmFBKA2CNT}
{"logTime": "0229/054442", "correlationVector":"VH89+tb7jrQgQmFBKA2CNT.2","action":"GetUpdates Response", "result":"SYNCER_OK", "context":Received 1 update(s). cV=VH89+tb7jrQgQmFBKA2CNT.0;server=GENERAL01000010;cloudType=Consumer;environment=Prod_SouthCentralUS_000i;migrationStage=NotStarted}
{"logTime": "0229/054450", "correlationVector":"gtjLTvgtG/QYm17s7c5IWi","action":"SyncServerConnectionManagerRequest", "result":"SYNC_SERVER_OK", "context":{"environment":"", "migrationStage":"", "server":""}}
{"logTime": "0229/054450", "correlationVector":"H0D83hXMHQsUdQz65AGxJ5","action":"Initial GetUpdates", "result":"", "context":Reason: NEW_CLIENT. cV=H0D83hXMHQsUdQz65AGxJ5}
{"logTime": "0229/054450", "correlationVector":"H0D83hXMHQsUdQz65AGxJ5.1","action":"SyncServerConnectionManagerRequest", "result":"SYNC_SERVER_OK", "context":{"environment":"Prod_SouthCentralUS_000i", "migrationStage":"NotStarted", "server":"GENERAL01000000"}}
{"logTime": "0229/054450", "correlationVector":"H0D83hXMHQsUdQz65AGxJ5.2","action":"GetUpdates Response", "result":"SYNCER_OK", "context":Received 39 update(s). cV=H0D83hXMHQsUdQz65AGxJ5.0;server=GENERAL01000000;cloudType=Consumer;environment=Prod_SouthCentralUS_000i;migrationStage=NotStarted}
{"logTime": "0229/054450", "correlationVector":"EnOmrBmJ/7I2WG6iQoWal2","action":"Normal GetUpdate request", "result":"", "context":cV=EnOmrBmJ/7I2WG6iQoWal2
Nudged types: Device Info, User Consents, Encryption Keys
Refresh requested types: Device Info, User Consents, Send Tab To Self, Encryption Keys}
{"logTime": "0229/054450", "correlationVector":"EnOmrBmJ/7I2WG6iQoWal2.1","action":"SyncServerConnectionManagerRequest", "result":"SYNC_SERVER_OK", "context":{"environment":"Prod_SouthCentralUS_000i", "migrationStage":"NotStarted", "server":"GENERAL0100000F"}}
{"logTime": "0229/054450", "correlationVector":"EnOmrBmJ/7I2WG6iQoWal2.2","action":"GetUpdates Response", "result":"SYNCER_OK", "context":Received 0 update(s). cV=EnOmrBmJ/7I2WG6iQoWal2.0;server=GENERAL0100000F;cloudType=Consumer;environment=Prod_SouthCentralUS_000i;migrationStage=NotStarted}
{"logTime": "0229/054450", "correlationVector":"Co/WiEdQrp4GcnqC+e252k","action":"Commit Request", "result":"", "context":Item count: 1
Contributing types: Encryption Keys}
{"logTime": "0229/054451", "correlationVector":"Co/WiEdQrp4GcnqC+e252k.1","action":"SyncServerConnectionManagerRequest", "result":"SYNC_SERVER_OK", "context":{"environment":"Prod_SouthCentralUS_000i", "migrationStage":"NotStarted", "server":"GENERAL0100000K"}}
{"logTime": "0229/054451", "correlationVector":"Co/WiEdQrp4GcnqC+e252k.2","action":"Commit Response", "result":"SYNCER_OK", "context":Result: SYNCER_OK. cV=Co/WiEdQrp4GcnqC+e252k.0;server=GENERAL0100000K;cloudType=Consumer;environment=Prod_SouthCentralUS_000i;migrationStage=NotStarted}
{"logTime": "0229/054451", "correlationVector":"qUZ2n37MtrfcuqCvfeyQ0s","action":"Commit Request", "result":"", "context":Item count: 2
Contributing types: Device Info, User Consents}
{"logTime": "0229/054451", "correlationVector":"qUZ2n37MtrfcuqCvfeyQ0s.1","action":"SyncServerConnectionManagerRequest", "result":"SYNC_SERVER_OK", "context":{"environment":"Prod_SouthCentralUS_000i", "migrationStage":"NotStarted", "server":"GENERAL0100000D"}}
{"logTime": "0229/054451", "correlationVector":"qUZ2n37MtrfcuqCvfeyQ0s.2","action":"Commit Response", "result":"SYNCER_OK", "context":Result: SYNCER_OK. cV=qUZ2n37MtrfcuqCvfeyQ0s.0;server=GENERAL0100000D;cloudType=Consumer;environment=Prod_SouthCentralUS_000i;migrationStage=NotStarted}
{"logTime": "0229/054451", "correlationVector":"aNKINbJIGFTl8T00AL0sl8","action":"Normal GetUpdate request", "result":"", "context":cV=aNKINbJIGFTl8T00AL0sl8
Nudged types: Device Info}
{"logTime": "0229/054451", "correlationVector":"aNKINbJIGFTl8T00AL0sl8.1","action":"SyncServerConnectionManagerRequest", "result":"SYNC_SERVER_OK", "context":{"environment":"Prod_SouthCentralUS_000i", "migrationStage":"NotStarted", "server":"GENERAL01000006"}}
{"logTime": "0229/054451", "correlationVector":"aNKINbJIGFTl8T00AL0sl8.2","action":"GetUpdates Response", "result":"SYNCER_OK", "context":Received 2 update(s). cV=aNKINbJIGFTl8T00AL0sl8.0;server=GENERAL01000006;cloudType=Consumer;environment=Prod_SouthCentralUS_000i;migrationStage=NotStarted}
{"logTime": "0301/035809", "correlationVector":"UijcJZuUUGt0qm0OQ021s1.1","action":"SyncServerConnectionManagerRequest", "result":"SYNC_SERVER_OK", "context":{"environment":"Prod_SouthCentralUS_000i", "migrationStage":"NotStarted", "server":"GENERAL0100000W"}}
{"logTime": "0301/035809", "correlationVector":"UijcJZuUUGt0qm0OQ021s1","action":"Initial GetUpdates", "result":"", "context":Reason: NEW_CLIENT. cV=UijcJZuUUGt0qm0OQ021s1}
{"logTime": "0301/035809", "correlationVector":"UijcJZuUUGt0qm0OQ021s1.2","action":"GetUpdates Response", "result":"SYNCER_OK", "context":Received 1 update(s). cV=UijcJZuUUGt0qm0OQ021s1.0;server=GENERAL0100000W;cloudType=Consumer;environment=Prod_SouthCentralUS_000i;migrationStage=NotStarted}
{"logTime": "0301/035809", "correlationVector":"qadU5S8l18RoG+r2YhAcvM","action":"SyncServerConnectionManagerRequest", "result":"SYNC_SERVER_OK", "context":{"environment":"", "migrationStage":"", "server":""}}
{"logTime": "0301/035809", "correlationVector":"KKYX3vU8Gl8Emack9nebNQ","action":"Normal GetUpdate request", "result":"", "context":cV=KKYX3vU8Gl8Emack9nebNQ
Refresh requested types: Device Info, User Consents, Send Tab To Self, Encryption Keys}
{"logTime": "0301/035809", "correlationVector":"KKYX3vU8Gl8Emack9nebNQ.1","action":"SyncServerConnectionManagerRequest", "result":"SYNC_SERVER_OK", "context":{"environment":"Prod_SouthCentralUS_000i", "migrationStage":"NotStarted", "server":"GENERAL0100000D"}}
{"logTime": "0301/035809", "correlationVector":"KKYX3vU8Gl8Emack9nebNQ.2","action":"GetUpdates Response", "result":"SYNCER_OK", "context":Received 1 update(s). cV=KKYX3vU8Gl8Emack9nebNQ.0;server=GENERAL0100000D;cloudType=Consumer;environment=Prod_SouthCentralUS_000i;migrationStage=NotStarted}
{"logTime": "0301/035809", "correlationVector":"RlCPEtwGDzBs6fl9uPUYB4","action":"Poll GetUpdate request", "result":"", "context":cV=RlCPEtwGDzBs6fl9uPUYB4}
{"logTime": "0301/035809", "correlationVector":"RlCPEtwGDzBs6fl9uPUYB4.1","action":"SyncServerConnectionManagerRequest", "result":"SYNC_SERVER_OK", "context":{"environment":"Prod_SouthCentralUS_000i", "migrationStage":"NotStarted", "server":"GENERAL01000009"}}
{"logTime": "0301/035809", "correlationVector":"RlCPEtwGDzBs6fl9uPUYB4.2","action":"GetUpdates Response", "result":"SYNCER_OK", "context":Received 0 update(s). cV=RlCPEtwGDzBs6fl9uPUYB4.0;server=GENERAL01000009;cloudType=Consumer;environment=Prod_SouthCentralUS_000i;migrationStage=NotStarted}
{"logTime": "0301/035809", "correlationVector":"1XBkOck3Xmplb1lbbxoiWn","action":"Normal GetUpdate request", "result":"", "context":cV=1XBkOck3Xmplb1lbbxoiWn
Refresh requested types: Device Info, User Consents, Send Tab To Self, Encryption Keys}
{"logTime": "0301/035809", "correlationVector":"1XBkOck3Xmplb1lbbxoiWn.1","action":"SyncServerConnectionManagerRequest", "result":"SYNC_SERVER_OK", "context":{"environment":"Prod_SouthCentralUS_000i", "migrationStage":"NotStarted", "server":"GENERAL01000017"}}
{"logTime": "0301/035809", "correlationVector":"1XBkOck3Xmplb1lbbxoiWn.2","action":"GetUpdates Response", "result":"SYNCER_OK", "context":Received 0 update(s). cV=1XBkOck3Xmplb1lbbxoiWn.0;server=GENERAL01000017;cloudType=Consumer;environment=Prod_SouthCentralUS_000i;migrationStage=NotStarted}
{"logTime": "0301/035812", "correlationVector":"KGgyCpSB2/7A9Yqu006L0m","action":"Initial GetUpdates", "result":"", "context":Reason: RECONFIGURATION. cV=KGgyCpSB2/7A9Yqu006L0m}
{"logTime": "0301/035813", "correlationVector":"KGgyCpSB2/7A9Yqu006L0m.1","action":"SyncServerConnectionManagerRequest", "result":"SYNC_SERVER_OK", "context":{"environment":"Prod_SouthCentralUS_000i", "migrationStage":"NotStarted", "server":"GENERAL01000015"}}
{"logTime": "0301/035813", "correlationVector":"KGgyCpSB2/7A9Yqu006L0m.2","action":"GetUpdates", "result":"DeleteReceived", "context":{"id":"1e1c17a1-f7fe-489e-bfda-cfff65587099", "isDeleted:":"true", "version":"1687400152613"}}
{"logTime": "0301/035813", "correlationVector":"KGgyCpSB2/7A9Yqu006L0m.3","action":"GetUpdates", "result":"DeleteReceived", "context":{"id":"11b93deb-d834-41e3-a012-7399a7581c7d", "isDeleted:":"true", "version":"1691932899874"}}
{"logTime": "0301/035813", "correlationVector":"KGgyCpSB2/7A9Yqu006L0m.4","action":"GetUpdates Response", "result":"SYNCER_OK", "context":Received 185 update(s). cV=KGgyCpSB2/7A9Yqu006L0m.0;server=GENERAL01000015;cloudType=Consumer;environment=Prod_SouthCentralUS_000i;migrationStage=NotStarted}
{"logTime": "0301/035813", "correlationVector":"SPBrgd5Q1e/tQPt+hD3uyf","action":"Initial GetUpdates", "result":"", "context":Reason: RECONFIGURATION. cV=SPBrgd5Q1e/tQPt+hD3uyf}
{"logTime": "0301/035813", "correlationVector":"SPBrgd5Q1e/tQPt+hD3uyf.1","action":"SyncServerConnectionManagerRequest", "result":"SYNC_SERVER_OK", "context":{"environment":"Prod_SouthCentralUS_000i", "migrationStage":"NotStarted", "server":"GENERAL0100000Z"}}
{"logTime": "0301/035813", "correlationVector":"SPBrgd5Q1e/tQPt+hD3uyf.2","action":"GetUpdates", "result":"DeleteReceived", "context":{"id":"1f9c03e2-42c0-49e2-87d9-0276c5b83ff5", "isDeleted:":"true", "version":"1686553734526"}}
{"logTime": "0301/035813", "correlationVector":"SPBrgd5Q1e/tQPt+hD3uyf.3","action":"GetUpdates", "result":"DeleteReceived", "context":{"id":"9dc082ab-8bde-417d-aee8-3b16f85cdfbb", "isDeleted:":"true", "version":"1686862988806"}}
{"logTime": "0301/035813", "correlationVector":"SPBrgd5Q1e/tQPt+hD3uyf.4","action":"GetUpdates Response", "result":"SYNCER_OK", "context":Received 22 update(s). cV=SPBrgd5Q1e/tQPt+hD3uyf.0;server=GENERAL0100000Z;cloudType=Consumer;environment=Prod_SouthCentralUS_000i;migrationStage=NotStarted}
{"logTime": "0301/035813", "correlationVector":"/DAZsinU9GgxXJOi0lz22c","action":"Initial GetUpdates", "result":"", "context":Reason: RECONFIGURATION. cV=/DAZsinU9GgxXJOi0lz22c}
{"logTime": "0301/035814", "correlationVector":"/DAZsinU9GgxXJOi0lz22c.1","action":"SyncServerConnectionManagerRequest", "result":"SYNC_SERVER_OK", "context":{"environment":"Prod_SouthCentralUS_000i", "migrationStage":"NotStarted", "server":"GENERAL01000009"}}
{"logTime": "0301/035814", "correlationVector":"/DAZsinU9GgxXJOi0lz22c.2","action":"GetUpdates", "result":"DeleteReceived", "context":{"id":"b014598e-3ee1-4bab-9977-308de0174e90", "isDeleted:":"true", "version":"1705568337738"}}
{"logTime": "0301/035814", "correlationVector":"/DAZsinU9GgxXJOi0lz22c.3","action":"GetUpdates", "result":"DeleteReceived", "context":{"id":"ebc4cffb-5d83-4aeb-8478-d77ac04d7cec", "isDeleted:":"true", "version":"1705637353524"}}
{"logTime": "0301/035814", "correlationVector":"/DAZsinU9GgxXJOi0lz22c.4","action":"GetUpdates", "result":"DeleteReceived", "context":{"id":"327d0238-19c6-4bac-8467-7458391ce887", "isDeleted:":"true", "version":"1705637353526"}}
{"logTime": "0301/035814", "correlationVector":"/DAZsinU9GgxXJOi0lz22c.5","action":"GetUpdates", "result":"DeleteReceived", "context":{"id":"2435348f-b2ba-4668-a751-6c98750cf64d", "isDeleted:":"true", "version":"1705637985532"}}
{"logTime": "0301/035814", "correlationVector":"/DAZsinU9GgxXJOi0lz22c.6","action":"GetUpdates", "result":"DeleteReceived", "context":{"id":"78c34df5-37ae-412b-aed4-2f8d7d7e336a", "isDeleted:":"true", "version":"1705638190580"}}
{"logTime": "0301/035814", "correlationVector":"/DAZsinU9GgxXJOi0lz22c.7","action":"GetUpdates", "result":"DeleteReceived", "context":{"id":"5e55d5cb-90bd-44b8-9cf1-57e067a17c4a", "isDeleted:":"true", "version":"1705638190581"}}
{"logTime": "0301/035814", "correlationVector":"/DAZsinU9GgxXJOi0lz22c.8","action":"GetUpdates", "result":"DeleteReceived", "context":{"id":"5853ccac-61e7-486d-ae6a-7da9db7ebd6f", "isDeleted:":"true", "version":"1705638190583"}}
{"logTime": "0301/035814", "correlationVector":"/DAZsinU9GgxXJOi0lz22c.9","action":"GetUpdates", "result":"DeleteReceived", "context":{"id":"30c70b24-6b86-4e12-9d98-8d8bc4f258d4", "isDeleted:":"true", "version":"1705638986709"}}
{"logTime": "0301/035814", "correlationVector":"/DAZsinU9GgxXJOi0lz22c.10","action":"GetUpdates", "result":"DeleteReceived", "context":{"id":"06bc6af3-f55a-4855-b9b9-c30c3f2a2df1", "isDeleted:":"true", "version":"1705645481061"}}
{"logTime": "0301/035814", "correlationVector":"/DAZsinU9GgxXJOi0lz22c.11","action":"GetUpdates", "result":"DeleteReceived", "context":{"id":"b1a084d8-c23e-4979-b394-a7a8093a689b", "isDeleted:":"true", "version":"1705645481065"}}
{"logTime": "0301/035814", "correlationVector":"/DAZsinU9GgxXJOi0lz22c.12","action":"GetUpdates", "result":"DeleteReceived", "context":{"id":"730ddd39-448d-4883-81e7-4d99adc39375", "isDeleted:":"true", "version":"1705645481066"}}
{"logTime": "0301/035814", "correlationVector":"/DAZsinU9GgxXJOi0lz22c.13","action":"GetUpdates", "result":"DeleteReceived", "context":{"id":"597250d6-5b04-4f9c-842b-9d3198286d9f", "isDeleted:":"true", "version":"1705681950088"}}
{"logTime": "0301/035814", "correlationVector":"/DAZsinU9GgxXJOi0lz22c.14","action":"GetUpdates", "result":"DeleteReceived", "context":{"id":"06959b75-6d7f-46b1-b920-fda691799b7f", "isDeleted:":"true", "version":"1705681950089"}}
{"logTime": "0301/035814", "correlationVector":"/DAZsinU9GgxXJOi0lz22c.15","action":"GetUpdates", "result":"DeleteReceived", "context":{"id":"df283638-a2cb-4cfc-97cd-d763fd8155fc", "isDeleted:":"true", "version":"1705681950090"}}
{"logTime": "0301/035814", "correlationVector":"/DAZsinU9GgxXJOi0lz22c.16","action":"GetUpdates", "result":"DeleteReceived", "context":{"id":"1b6be10d-2183-4132-a06d-91d6618f21c2", "isDeleted:":"true", "version":"1705683206148"}}
{"logTime": "0301/035814", "correlationVector":"/DAZsinU9GgxXJOi0lz22c.17","action":"GetUpdates", "result":"DeleteReceived", "context":{"id":"852e5cff-7a3f-4aaf-8d07-6fe3cd75e563", "isDeleted:":"true", "version":"1705689278116"}}
{"logTime": "0301/035814", "correlationVector":"/DAZsinU9GgxXJOi0lz22c.18","action":"GetUpdates", "result":"DeleteReceived", "context":{"id":"f160e6cb-a226-4644-8c88-95c72327635e", "isDeleted:":"true", "version":"1705724001563"}}
{"logTime": "0301/035814", "correlationVector":"/DAZsinU9GgxXJOi0lz22c.19","action":"GetUpdates", "result":"DeleteReceived", "context":{"id":"c7283de9-3d36-4d81-832e-a6f8bd27849f", "isDeleted:":"true", "version":"1705724917536"}}
{"logTime": "0301/035814", "correlationVector":"/DAZsinU9GgxXJOi0lz22c.20","action":"GetUpdates", "result":"DeleteReceived", "context":{"id":"ee89af03-7ea9-4a52-83e3-102bdb1bbf14", "isDeleted:":"true", "version":"1705942999199"}}
{"logTime": "0301/035814", "correlationVector":"/DAZsinU9GgxXJOi0lz22c.21","action":"GetUpdates", "result":"DeleteReceived", "context":{"id":"7efe216d-426d-40a1-a8ec-bd147aa1bc3f", "isDeleted:":"true", "version":"1705942999200"}}
{"logTime": "0301/035814", "correlationVector":"/DAZsinU9GgxXJOi0lz22c.22","action":"GetUpdates", "result":"DeleteReceived", "context":{"id":"59aed678-f5fb-4251-aeb8-01ee491205b2", "isDeleted:":"true", "version":"1705950699441"}}
{"logTime": "0301/035814", "correlationVector":"/DAZsinU9GgxXJOi0lz22c.23","action":"GetUpdates", "result":"DeleteReceived", "context":{"id":"56f528f1-c7cb-4106-a81e-6af63586ad71", "isDeleted:":"true", "version":"1705966968801"}}
{"logTime": "0301/035814", "correlationVector":"/DAZsinU9GgxXJOi0lz22c.24","action":"GetUpdates", "result":"DeleteReceived", "context":{"id":"ecadd6fd-0f73-4eab-93fe-5b33efb96a27", "isDeleted:":"true", "version":"1705984118409"}}
{"logTime": "0301/035814", "correlationVector":"/DAZsinU9GgxXJOi0lz22c.25","action":"GetUpdates", "result":"DeleteReceived", "context":{"id":"c435787c-eb33-4515-ae57-c187f9239d81", "isDeleted:":"true", "version":"1705984118411"}}
{"logTime": "0301/035814", "correlationVector":"/DAZsinU9GgxXJOi0lz22c.26","action":"GetUpdates", "result":"DeleteReceived", "context":{"id":"12907750-b2e1-456e-b4c1-c237bc8c5c6f", "isDeleted:":"true", "version":"1705984118412"}}
{"logTime": "0301/035814", "correlationVector":"/DAZsinU9GgxXJOi0lz22c.27","action":"GetUpdates", "result":"DeleteReceived", "context":{"id":"4ae7cb9d-c9d2-4490-a3cf-25ca1735dea4", "isDeleted:":"true", "version":"1706053903036"}}
{"logTime": "0301/035814", "correlationVector":"/DAZsinU9GgxXJOi0lz22c.28","action":"GetUpdates", "result":"DeleteReceived", "context":{"id":"d74a1922-cbad-4a82-b805-b31128cd3ffe", "isDeleted:":"true", "version":"1706053903037"}}
{"logTime": "0301/035814", "correlationVector":"/DAZsinU9GgxXJOi0lz22c.29","action":"GetUpdates", "result":"DeleteReceived", "context":{"id":"232eb08d-627d-4641-99a8-5c35b2cb8652", "isDeleted:":"true", "version":"1706157402146"}}
{"logTime": "0301/035814", "correlationVector":"/DAZsinU9GgxXJOi0lz22c.30","action":"GetUpdates", "result":"DeleteReceived", "context":{"id":"0f19f482-8985-4c88-a34e-eaf4972706e1", "isDeleted:":"true", "version":"1706171649970"}}
{"logTime": "0301/035814", "correlationVector":"/DAZsinU9GgxXJOi0lz22c.31","action":"GetUpdates", "result":"DeleteReceived", "context":{"id":"41de2fd6-adc0-4205-8488-0a0ba7c203e7", "isDeleted:":"true", "version":"1706211755637"}}
{"logTime": "0301/035814", "correlationVector":"/DAZsinU9GgxXJOi0lz22c.32","action":"GetUpdates", "result":"DeleteReceived", "context":{"id":"992bea0e-6aa1-4050-bae1-3c0a16d165ab", "isDeleted:":"true", "version":"1706322443484"}}
{"logTime": "0301/035814", "correlationVector":"/DAZsinU9GgxXJOi0lz22c.33","action":"GetUpdates", "result":"DeleteReceived", "context":{"id":"d9c0b370-b808-4383-abb1-30b49c40e9f0", "isDeleted:":"true", "version":"1706390382476"}}
{"logTime": "0301/035814", "correlationVector":"/DAZsinU9GgxXJOi0lz22c.34","action":"GetUpdates", "result":"DeleteReceived", "context":{"id":"9b65f237-f7ea-47d4-a52e-dc9a952a729d", "isDeleted:":"true", "version":"1706570165646"}}
{"logTime": "0301/035814", "correlationVector":"/DAZsinU9GgxXJOi0lz22c.35","action":"GetUpdates", "result":"DeleteReceived", "context":{"id":"a32f4f55-8a4d-4822-893c-9a5b07a8bf6b", "isDeleted:":"true", "version":"1706570165647"}}
{"logTime": "0301/035814", "correlationVector":"/DAZsinU9GgxXJOi0lz22c.36","action":"GetUpdates", "result":"DeleteReceived", "context":{"id":"0c200fde-68c3-4dfa-b735-815e3ae5ed93", "isDeleted:":"true", "version":"1706570165649"}}
{"logTime": "0301/035814", "correlationVector":"/DAZsinU9GgxXJOi0lz22c.37","action":"GetUpdates", "result":"DeleteReceived", "context":{"id":"2278d307-2cd6-43b6-912b-89001571ce51", "isDeleted:":"true", "version":"1706570273555"}}
{"logTime": "0301/035814", "correlationVector":"/DAZsinU9GgxXJOi0lz22c.38","action":"GetUpdates", "result":"DeleteReceived", "context":{"id":"8b1d904b-9160-4b27-854e-fa1f4bf28425", "isDeleted:":"true", "version":"1706570769103"}}
{"logTime": "0301/035814", "correlationVector":"/DAZsinU9GgxXJOi0lz22c.39","action":"GetUpdates", "result":"DeleteReceived", "context":{"id":"2e06d072-86a0-4209-b3eb-98b1e8f2c2f2", "isDeleted:":"true", "version":"1706574062653"}}
{"logTime": "0301/035814", "correlationVector":"/DAZsinU9GgxXJOi0lz22c.40","action":"GetUpdates", "result":"DeleteReceived", "context":{"id":"60206486-215b-45d5-9617-5683577ff4fc", "isDeleted:":"true", "version":"1706574062655"}}
{"logTime": "0301/035814", "correlationVector":"/DAZsinU9GgxXJOi0lz22c.41","action":"GetUpdates", "result":"DeleteReceived", "context":{"id":"2e34afe7-e185-4f39-80fb-5ad064c546fe", "isDeleted:":"true", "version":"1706574062656"}}
{"logTime": "0301/035814", "correlationVector":"/DAZsinU9GgxXJOi0lz22c.42","action":"GetUpdates", "result":"DeleteReceived", "context":{"id":"82b4e2ee-20fb-420b-928c-1e8a8445054a", "isDeleted:":"true", "version":"1706574062657"}}
{"logTime": "0301/035814", "correlationVector":"/DAZsinU9GgxXJOi0lz22c.43","action":"GetUpdates", "result":"DeleteReceived", "context":{"id":"455d91db-138e-445c-b9ba-b973ccdfb8b4", "isDeleted:":"true", "version":"1706594508010"}}
{"logTime": "0301/035814", "correlationVector":"/DAZsinU9GgxXJOi0lz22c.44","action":"GetUpdates", "result":"DeleteReceived", "context":{"id":"40b6d680-d759-43ed-afd6-130963c46ace", "isDeleted:":"true", "version":"1706657249641"}}
{"logTime": "0301/035814", "correlationVector":"/DAZsinU9GgxXJOi0lz22c.45","action":"GetUpdates", "result":"DeleteReceived", "context":{"id":"bf0ae1cc-02ab-4e8b-abf6-08401b99f609", "isDeleted:":"true", "version":"1706657249642"}}
{"logTime": "0301/035814", "correlationVector":"/DAZsinU9GgxXJOi0lz22c.46","action":"GetUpdates", "result":"DeleteReceived", "context":{"id":"a589d962-89b8-4ef4-817c-bfd7dba1057e", "isDeleted:":"true", "version":"1706657249643"}}
{"logTime": "0301/035814", "correlationVector":"/DAZsinU9GgxXJOi0lz22c.47","action":"GetUpdates", "result":"DeleteReceived", "context":{"id":"efd5785e-8999-4173-8ac6-3a0e5791bebf", "isDeleted:":"true", "version":"1706657249644"}}
{"logTime": "0301/035814", "correlationVector":"/DAZsinU9GgxXJOi0lz22c.48","action":"GetUpdates", "result":"DeleteReceived", "context":{"id":"e60e9a7f-d6c9-4166-9484-fec89b653d7b", "isDeleted:":"true", "version":"1706657249645"}}
{"logTime": "0301/035814", "correlationVector":"/DAZsinU9GgxXJOi0lz22c.49","action":"GetUpdates", "result":"DeleteReceived", "context":{"id":"2913c084-edcf-4a0c-a047-8a9c5a67fcc9", "isDeleted:":"true", "version":"1706657249646"}}
{"logTime": "0301/035814", "correlationVector":"/DAZsinU9GgxXJOi0lz22c.50","action":"GetUpdates", "result":"DeleteReceived", "context":{"id":"be6f2953-1969-455e-b206-42d10f5fff71", "isDeleted:":"true", "version":"1706657249647"}}
{"logTime": "0301/035814", "correlationVector":"/DAZsinU9GgxXJOi0lz22c.51","action":"GetUpdates", "result":"DeleteReceived", "context":{"id":"10c74eac-13a5-4b4d-97d6-f5785ded04b4", "isDeleted:":"true", "version":"1706657249648"}}
{"logTime": "0301/035814", "correlationVector":"/DAZsinU9GgxXJOi0lz22c.52","action":"GetUpdates", "result":"DeleteReceived", "context":{"id":"e250d650-9f06-4731-92d2-954eb205d514", "isDeleted:":"true", "version":"1706657673234"}}
{"logTime": "0301/035814", "correlationVector":"/DAZsinU9GgxXJOi0lz22c.53","action":"GetUpdates", "result":"DeleteReceived", "context":{"id":"b42514b1-4760-450f-82f5-5f3f1ff27cb4", "isDeleted:":"true", "version":"1706674536095"}}
{"logTime": "0301/035814", "correlationVector":"/DAZsinU9GgxXJOi0lz22c.54","action":"GetUpdates", "result":"DeleteReceived", "context":{"id":"394aad9c-70b5-4bf7-89da-b9e1d509243d", "isDeleted:":"true", "version":"1706674536096"}}
{"logTime": "0301/035814", "correlationVector":"/DAZsinU9GgxXJOi0lz22c.55","action":"GetUpdates", "result":"DeleteReceived", "context":{"id":"60a7d533-9db8-4e61-8872-fc70197f37e8", "isDeleted:":"true", "version":"1706676380254"}}
{"logTime": "0301/035814", "correlationVector":"/DAZsinU9GgxXJOi0lz22c.56","action":"GetUpdates", "result":"DeleteReceived", "context":{"id":"0e009e20-992c-4ecf-ad34-48710f9130d0", "isDeleted:":"true", "version":"1706735815966"}}
{"logTime": "0301/035814", "correlationVector":"/DAZsinU9GgxXJOi0lz22c.57","action":"GetUpdates", "result":"DeleteReceived", "context":{"id":"d0225750-151d-4826-b131-2abed061fa4a", "isDeleted:":"true", "version":"1706737007829"}}
{"logTime": "0301/035814", "correlationVector":"/DAZsinU9GgxXJOi0lz22c.58","action":"GetUpdates", "result":"DeleteReceived", "context":{"id":"649e1786-fa73-40aa-b20b-2b0eac087111", "isDeleted:":"true", "version":"1706742312208"}}
{"logTime": "0301/035814", "correlationVector":"/DAZsinU9GgxXJOi0lz22c.59","action":"GetUpdates", "result":"DeleteReceived", "context":{"id":"13f1bedc-f70b-49ef-b690-785607348d87", "isDeleted:":"true", "version":"1706742312209"}}
{"logTime": "0301/035814", "correlationVector":"/DAZsinU9GgxXJOi0lz22c.60","action":"GetUpdates", "result":"DeleteReceived", "context":{"id":"127717ee-67c9-4fd3-8008-773349c11d32", "isDeleted:":"true", "version":"1706742428873"}}
{"logTime": "0301/035814", "correlationVector":"/DAZsinU9GgxXJOi0lz22c.61","action":"GetUpdates", "result":"DeleteReceived", "context":{"id":"d9526f5c-0cf9-4643-9742-185b3ac35fcd", "isDeleted:":"true", "version":"1706743567959"}}
{"logTime": "0301/035814", "correlationVector":"/DAZsinU9GgxXJOi0lz22c.62","action":"GetUpdates", "result":"DeleteReceived", "context":{"id":"bdcfb64f-2bd6-4fd5-948d-9c7f33a5aa8b", "isDeleted:":"true", "version":"1706744076797"}}
{"logTime": "0301/035814", "correlationVector":"/DAZsinU9GgxXJOi0lz22c.63","action":"GetUpdates", "result":"DeleteReceived", "context":{"id":"bc6e2d14-f8ad-44ef-9b96-8c3226c0fe9c", "isDeleted:":"true", "version":"1706745145226"}}
{"logTime": "0301/035814", "correlationVector":"/DAZsinU9GgxXJOi0lz22c.64","action":"GetUpdates", "result":"DeleteReceived", "context":{"id":"416efe44-bbbd-4a08-ab61-17e8bc2a3bbd", "isDeleted:":"true", "version":"1706745158848"}}
{"logTime": "0301/035814", "correlationVector":"/DAZsinU9GgxXJOi0lz22c.65","action":"GetUpdates", "result":"DeleteReceived", "context":{"id":"5fbc61d6-4f3d-4931-8eda-bdf2d0d1c0e7", "isDeleted:":"true", "version":"1706745158849"}}
{"logTime": "0301/035814", "correlationVector":"/DAZsinU9GgxXJOi0lz22c.66","action":"GetUpdates", "result":"DeleteReceived", "context":{"id":"63ed17ca-810f-4af9-bde0-3d393168e73b", "isDeleted:":"true", "version":"1706755438124"}}
{"logTime": "0301/035814", "correlationVector":"/DAZsinU9GgxXJOi0lz22c.67","action":"GetUpdates", "result":"DeleteReceived", "context":{"id":"05b97f5a-3428-4552-8bd0-c9cf6ac52bab", "isDeleted:":"true", "version":"1706755438125"}}
{"logTime": "0301/035814", "correlationVector":"/DAZsinU9GgxXJOi0lz22c.68","action":"GetUpdates", "result":"DeleteReceived", "context":{"id":"ff3f4487-5b32-4a69-9b27-9970269f7a66", "isDeleted:":"true", "version":"1706755438126"}}
{"logTime": "0301/035814", "correlationVector":"/DAZsinU9GgxXJOi0lz22c.69","action":"GetUpdates", "result":"DeleteReceived", "context":{"id":"f534dcc8-d314-40fa-9b82-1c661e6a98e7", "isDeleted:":"true", "version":"1706755438127"}}
{"logTime": "0301/035814", "correlationVector":"/DAZsinU9GgxXJOi0lz22c.70","action":"GetUpdates", "result":"DeleteReceived", "context":{"id":"4385530b-db73-48b3-83bb-64fcfd58f3bb", "isDeleted:":"true", "version":"1706815447643"}}
{"logTime": "0301/035814", "correlationVector":"/DAZsinU9GgxXJOi0lz22c.71","action":"GetUpdates", "result":"DeleteReceived", "context":{"id":"de71f519-2787-4677-8fc7-5f94ff54c79b", "isDeleted:":"true", "version":"1706815504396"}}
{"logTime": "0301/035814", "correlationVector":"/DAZsinU9GgxXJOi0lz22c.72","action":"GetUpdates", "result":"DeleteReceived", "context":{"id":"6dd4f310-8830-4f07-a07e-8a4c3f659a0b", "isDeleted:":"true", "version":"1706815582793"}}
{"logTime": "0301/035814", "correlationVector":"/DAZsinU9GgxXJOi0lz22c.73","action":"GetUpdates", "result":"DeleteReceived", "context":{"id":"5d16d3a1-b08a-4b36-a69a-ff24b917d0cd", "isDeleted:":"true", "version":"1706819222525"}}
{"logTime": "0301/035814", "correlationVector":"/DAZsinU9GgxXJOi0lz22c.74","action":"GetUpdates", "result":"DeleteReceived", "context":{"id":"ce35e592-ac33-4015-ab05-6574ed1106c1", "isDeleted:":"true", "version":"1706829126772"}}
{"logTime": "0301/035814", "correlationVector":"/DAZsinU9GgxXJOi0lz22c.75","action":"GetUpdates", "result":"DeleteReceived", "context":{"id":"d067c120-5280-46a1-afd2-c9295d73d63c", "isDeleted:":"true", "version":"1706829126773"}}
{"logTime": "0301/035814", "correlationVector":"/DAZsinU9GgxXJOi0lz22c.76","action":"GetUpdates", "result":"DeleteReceived", "context":{"id":"d0a3b2df-0206-4c0f-9c7a-a958aadae85e", "isDeleted:":"true", "version":"1706829126774"}}
{"logTime": "0301/035814", "correlationVector":"/DAZsinU9GgxXJOi0lz22c.77","action":"GetUpdates", "result":"DeleteReceived", "context":{"id":"c8599139-91ef-4dd9-b938-15ea16775ffa", "isDeleted:":"true", "version":"1706829126775"}}
{"logTime": "0301/035814", "correlationVector":"/DAZsinU9GgxXJOi0lz22c.78","action":"GetUpdates Response", "result":"SERVER_MORE_TO_DOWNLOAD", "context":Received 250 update(s).  Some updates remain.}
{"logTime": "0301/035814", "correlationVector":"yWgwEgDcB6ElehqfQ6/vwB","action":"Initial GetUpdates", "result":"", "context":Reason: RECONFIGURATION. cV=yWgwEgDcB6ElehqfQ6/vwB}
{"logTime": "0301/035814", "correlationVector":"yWgwEgDcB6ElehqfQ6/vwB.1","action":"SyncServerConnectionManagerRequest", "result":"SYNC_SERVER_OK", "context":{"environment":"Prod_SouthCentralUS_000i", "migrationStage":"NotStarted", "server":"GENERAL0100001D"}}
{"logTime": "0301/035814", "correlationVector":"yWgwEgDcB6ElehqfQ6/vwB.2","action":"GetUpdates", "result":"DeleteReceived", "context":{"id":"292c9bc6-60ec-4c26-88fb-39b761c8da17", "isDeleted:":"true", "version":"1706854610212"}}
{"logTime": "0301/035814", "correlationVector":"yWgwEgDcB6ElehqfQ6/vwB.3","action":"GetUpdates", "result":"DeleteReceived", "context":{"id":"f40c435b-2846-4104-8678-7e57d60b9199", "isDeleted:":"true", "version":"1706854610214"}}
{"logTime": "0301/035814", "correlationVector":"yWgwEgDcB6ElehqfQ6/vwB.4","action":"GetUpdates", "result":"DeleteReceived", "context":{"id":"235543a2-fbd9-4fd5-a449-15b37c162048", "isDeleted:":"true", "version":"1707118022291"}}
{"logTime": "0301/035814", "correlationVector":"yWgwEgDcB6ElehqfQ6/vwB.5","action":"GetUpdates", "result":"DeleteReceived", "context":{"id":"059deb65-339f-42ad-beb6-5934529ac7a0", "isDeleted:":"true", "version":"1707118022292"}}
{"logTime": "0301/035814", "correlationVector":"yWgwEgDcB6ElehqfQ6/vwB.6","action":"GetUpdates", "result":"DeleteReceived", "context":{"id":"b63516f9-a73e-478b-b038-4911fa5a91d5", "isDeleted:":"true", "version":"1707118149434"}}
{"logTime": "0301/035814", "correlationVector":"yWgwEgDcB6ElehqfQ6/vwB.7","action":"GetUpdates", "result":"DeleteReceived", "context":{"id":"dc657e17-9dc9-4805-85f8-41e377190e69", "isDeleted:":"true", "version":"1707186194872"}}
{"logTime": "0301/035814", "correlationVector":"yWgwEgDcB6ElehqfQ6/vwB.8","action":"GetUpdates", "result":"DeleteReceived", "context":{"id":"c36b97ab-42b6-43e1-be35-07d5a5c9c50f", "isDeleted:":"true", "version":"1707195613591"}}
{"logTime": "0301/035814", "correlationVector":"yWgwEgDcB6ElehqfQ6/vwB.9","action":"GetUpdates", "result":"DeleteReceived", "context":{"id":"b0ff9d23-8738-4cbb-8e15-b484f70f9071", "isDeleted:":"true", "version":"1707195613592"}}
{"logTime": "0301/035814", "correlationVector":"yWgwEgDcB6ElehqfQ6/vwB.10","action":"GetUpdates", "result":"DeleteReceived", "context":{"id":"0daa8bee-be09-41d8-81d9-5b3b434e5354", "isDeleted:":"true", "version":"1707419098391"}}
{"logTime": "0301/035814", "correlationVector":"yWgwEgDcB6ElehqfQ6/vwB.11","action":"GetUpdates", "result":"DeleteReceived", "context":{"id":"6e2489ab-aecb-4c87-9c9b-8c5eae424701", "isDeleted:":"true", "version":"1707419098393"}}
{"logTime": "0301/035814", "correlationVector":"yWgwEgDcB6ElehqfQ6/vwB.12","action":"GetUpdates", "result":"DeleteReceived", "context":{"id":"3ccc5622-a3fa-4d38-a507-22d77700fb2e", "isDeleted:":"true", "version":"1707419098394"}}
{"logTime": "0301/035814", "correlationVector":"yWgwEgDcB6ElehqfQ6/vwB.13","action":"GetUpdates", "result":"DeleteReceived", "context":{"id":"b4cfa3fe-3b58-4295-ae3d-83b680a4e220", "isDeleted:":"true", "version":"1707422042379"}}
{"logTime": "0301/035814", "correlationVector":"yWgwEgDcB6ElehqfQ6/vwB.14","action":"GetUpdates", "result":"DeleteReceived", "context":{"id":"512a8f36-7a70-4ce9-87e2-027633aee079", "isDeleted:":"true", "version":"1707422042380"}}
{"logTime": "0301/035814", "correlationVector":"yWgwEgDcB6ElehqfQ6/vwB.15","action":"GetUpdates", "result":"DeleteReceived", "context":{"id":"f97d8fef-c3f0-479b-9325-5755732fa960", "isDeleted:":"true", "version":"1707515658513"}}
{"logTime": "0301/035814", "correlationVector":"yWgwEgDcB6ElehqfQ6/vwB.16","action":"GetUpdates", "result":"DeleteReceived", "context":{"id":"12bd4aa7-f40a-4139-a233-b24aa3973e68", "isDeleted:":"true", "version":"1707515658515"}}
{"logTime": "0301/035814", "correlationVector":"yWgwEgDcB6ElehqfQ6/vwB.17","action":"GetUpdates", "result":"DeleteReceived", "context":{"id":"006f661b-7d80-4025-b4ac-8dad4d63aef1", "isDeleted:":"true", "version":"1707632447803"}}
{"logTime": "0301/035814", "correlationVector":"yWgwEgDcB6ElehqfQ6/vwB.18","action":"GetUpdates", "result":"DeleteReceived", "context":{"id":"2622dc2f-82a2-4c9c-bfba-b5d8613fbac9", "isDeleted:":"true", "version":"1707632447804"}}
{"logTime": "0301/035814", "correlationVector":"yWgwEgDcB6ElehqfQ6/vwB.19","action":"GetUpdates", "result":"DeleteReceived", "context":{"id":"da0eec1e-badf-4161-b3df-742a41240b27", "isDeleted:":"true", "version":"1707632447805"}}
{"logTime": "0301/035814", "correlationVector":"yWgwEgDcB6ElehqfQ6/vwB.20","action":"GetUpdates", "result":"DeleteReceived", "context":{"id":"5ad82dfd-29a5-4c0e-b9ae-cbd910127984", "isDeleted:":"true", "version":"1707694725500"}}
{"logTime": "0301/035814", "correlationVector":"yWgwEgDcB6ElehqfQ6/vwB.21","action":"GetUpdates", "result":"DeleteReceived", "context":{"id":"df3f0bb1-6818-4d1a-8e7f-f3ca9ab1bb95", "isDeleted:":"true", "version":"1707710813837"}}
{"logTime": "0301/035814", "correlationVector":"yWgwEgDcB6ElehqfQ6/vwB.22","action":"GetUpdates", "result":"DeleteReceived", "context":{"id":"70b0ca6b-2161-4780-b4fa-e159db9f162d", "isDeleted:":"true", "version":"1707719523241"}}
{"logTime": "0301/035814", "correlationVector":"yWgwEgDcB6ElehqfQ6/vwB.23","action":"GetUpdates", "result":"DeleteReceived", "context":{"id":"07005476-d474-4aa0-bf91-972a39a0672d", "isDeleted:":"true", "version":"1707719644216"}}
{"logTime": "0301/035814", "correlationVector":"yWgwEgDcB6ElehqfQ6/vwB.24","action":"GetUpdates Response", "result":"SERVER_MORE_TO_DOWNLOAD", "context":Received 250 update(s).  Some updates remain.}
{"logTime": "0301/035814", "correlationVector":"veBHSN9Mg4qg5oPcFg+29s","action":"Initial GetUpdates", "result":"", "context":Reason: RECONFIGURATION. cV=veBHSN9Mg4qg5oPcFg+29s}
{"logTime": "0301/035815", "correlationVector":"veBHSN9Mg4qg5oPcFg+29s.1","action":"SyncServerConnectionManagerRequest", "result":"SYNC_SERVER_OK", "context":{"environment":"Prod_SouthCentralUS_000i", "migrationStage":"NotStarted", "server":"GENERAL0100000X"}}
{"logTime": "0301/035815", "correlationVector":"veBHSN9Mg4qg5oPcFg+29s.2","action":"GetUpdates", "result":"DeleteReceived", "context":{"id":"340072fb-9b5a-43a7-8748-bd05ad423d74", "isDeleted:":"true", "version":"1707787947420"}}
{"logTime": "0301/035815", "correlationVector":"veBHSN9Mg4qg5oPcFg+29s.3","action":"GetUpdates", "result":"DeleteReceived", "context":{"id":"65bb8d00-391c-46ee-9f5a-5dfc1affe71d", "isDeleted:":"true", "version":"1707787947421"}}
{"logTime": "0301/035815", "correlationVector":"veBHSN9Mg4qg5oPcFg+29s.4","action":"GetUpdates", "result":"DeleteReceived", "context":{"id":"b7ce89d4-bff4-47ee-8c3f-8b0a5f4186b4", "isDeleted:":"true", "version":"1707865884511"}}
{"logTime": "0301/035815", "correlationVector":"veBHSN9Mg4qg5oPcFg+29s.5","action":"GetUpdates", "result":"DeleteReceived", "context":{"id":"5ac6117a-20c4-42de-a1e1-3669369c0909", "isDeleted:":"true", "version":"1707865884512"}}
{"logTime": "0301/035815", "correlationVector":"veBHSN9Mg4qg5oPcFg+29s.6","action":"GetUpdates", "result":"DeleteReceived", "context":{"id":"7e9e9901-7f58-4dda-838c-8a8994f0d7e2", "isDeleted:":"true", "version":"1707865884513"}}
{"logTime": "0301/035815", "correlationVector":"veBHSN9Mg4qg5oPcFg+29s.7","action":"GetUpdates", "result":"DeleteReceived", "context":{"id":"b93ecabf-6d43-4a64-be51-9037508cb052", "isDeleted:":"true", "version":"1707866193648"}}
{"logTime": "0301/035815", "correlationVector":"veBHSN9Mg4qg5oPcFg+29s.8","action":"GetUpdates", "result":"DeleteReceived", "context":{"id":"8743c721-d839-4a61-8165-5f6e894e9be5", "isDeleted:":"true", "version":"1707866283840"}}
{"logTime": "0301/035815", "correlationVector":"veBHSN9Mg4qg5oPcFg+29s.9","action":"GetUpdates", "result":"DeleteReceived", "context":{"id":"dfafe36a-3e2a-4f5d-868b-f7f36bb9e86a", "isDeleted:":"true", "version":"1707868169317"}}
{"logTime": "0301/035815", "correlationVector":"veBHSN9Mg4qg5oPcFg+29s.10","action":"GetUpdates", "result":"DeleteReceived", "context":{"id":"b226ddd0-6b78-4db1-b3e2-ecf23c4a3f8b", "isDeleted:":"true", "version":"1707872034721"}}
{"logTime": "0301/035815", "correlationVector":"veBHSN9Mg4qg5oPcFg+29s.11","action":"GetUpdates", "result":"DeleteReceived", "context":{"id":"eea6a0cd-a79d-4c34-9b12-10698fe5a146", "isDeleted:":"true", "version":"1707882286190"}}
{"logTime": "0301/035815", "correlationVector":"veBHSN9Mg4qg5oPcFg+29s.12","action":"GetUpdates", "result":"DeleteReceived", "context":{"id":"0a60199e-696d-491c-97e9-838b558559be", "isDeleted:":"true", "version":"1707882286191"}}
{"logTime": "0301/035815", "correlationVector":"veBHSN9Mg4qg5oPcFg+29s.13","action":"GetUpdates", "result":"DeleteReceived", "context":{"id":"16e959c4-5ae4-4bbb-9429-80dc1a82a8df", "isDeleted:":"true", "version":"1707882286192"}}
{"logTime": "0301/035815", "correlationVector":"veBHSN9Mg4qg5oPcFg+29s.14","action":"GetUpdates", "result":"DeleteReceived", "context":{"id":"eeb598dc-adca-4df6-b97f-a197fd9cfe89", "isDeleted:":"true", "version":"1707965122057"}}
{"logTime": "0301/035815", "correlationVector":"veBHSN9Mg4qg5oPcFg+29s.15","action":"GetUpdates", "result":"DeleteReceived", "context":{"id":"dde9bc18-72f3-473c-9fe1-44b8848627f8", "isDeleted:":"true", "version":"1707966099129"}}
{"logTime": "0301/035815", "correlationVector":"veBHSN9Mg4qg5oPcFg+29s.16","action":"GetUpdates", "result":"DeleteReceived", "context":{"id":"dd762b32-baf6-4cf7-93d0-67d4f733eb85", "isDeleted:":"true", "version":"1707966808244"}}
{"logTime": "0301/035815", "correlationVector":"veBHSN9Mg4qg5oPcFg+29s.17","action":"GetUpdates", "result":"DeleteReceived", "context":{"id":"b3ec0913-e6da-4f81-a29e-5b56fe88ab69", "isDeleted:":"true", "version":"1707967192119"}}
{"logTime": "0301/035815", "correlationVector":"veBHSN9Mg4qg5oPcFg+29s.18","action":"GetUpdates", "result":"DeleteReceived", "context":{"id":"b83bcc06-b58a-47ae-ab65-00be1e7a04bb", "isDeleted:":"true", "version":"1707967641248"}}
{"logTime": "0301/035815", "correlationVector":"veBHSN9Mg4qg5oPcFg+29s.19","action":"GetUpdates", "result":"DeleteReceived", "context":{"id":"a2617c36-edcf-4ebc-9273-639fe2b0304e", "isDeleted:":"true", "version":"1707968760603"}}
{"logTime": "0301/035815", "correlationVector":"veBHSN9Mg4qg5oPcFg+29s.20","action":"GetUpdates", "result":"DeleteReceived", "context":{"id":"b0aa9c0e-b70e-4ceb-a4d6-fafd446a1941", "isDeleted:":"true", "version":"1707971770725"}}
{"logTime": "0301/035815", "correlationVector":"veBHSN9Mg4qg5oPcFg+29s.21","action":"GetUpdates", "result":"DeleteReceived", "context":{"id":"db9a2cd2-3bc6-406b-acb6-523848c68ff5", "isDeleted:":"true", "version":"1707972008682"}}
{"logTime": "0301/035815", "correlationVector":"veBHSN9Mg4qg5oPcFg+29s.22","action":"GetUpdates", "result":"DeleteReceived", "context":{"id":"d3a34ee3-9106-4839-bb28-4718c9ecf430", "isDeleted:":"true", "version":"1707973821274"}}
{"logTime": "0301/035815", "correlationVector":"veBHSN9Mg4qg5oPcFg+29s.23","action":"GetUpdates", "result":"DeleteReceived", "context":{"id":"cfe09be4-4881-4661-8cc4-83e7000afc3f", "isDeleted:":"true", "version":"1707980636892"}}
{"logTime": "0301/035815", "correlationVector":"veBHSN9Mg4qg5oPcFg+29s.24","action":"GetUpdates", "result":"DeleteReceived", "context":{"id":"26cdaae1-c2be-42f8-aa0a-1bf5672af2f7", "isDeleted:":"true", "version":"1708029100321"}}
{"logTime": "0301/035815", "correlationVector":"veBHSN9Mg4qg5oPcFg+29s.25","action":"GetUpdates", "result":"DeleteReceived", "context":{"id":"b2c8264d-d16b-4de9-93ff-8111f826481f", "isDeleted:":"true", "version":"1708029100322"}}
{"logTime": "0301/035815", "correlationVector":"veBHSN9Mg4qg5oPcFg+29s.26","action":"GetUpdates", "result":"DeleteReceived", "context":{"id":"947cba03-afbd-4815-9d1a-539bf6e54344", "isDeleted:":"true", "version":"1708029100323"}}
{"logTime": "0301/035815", "correlationVector":"veBHSN9Mg4qg5oPcFg+29s.27","action":"GetUpdates", "result":"DeleteReceived", "context":{"id":"54937f5e-7bf8-4a98-abe6-cf31a210b90f", "isDeleted:":"true", "version":"1708126172020"}}
{"logTime": "0301/035815", "correlationVector":"veBHSN9Mg4qg5oPcFg+29s.28","action":"GetUpdates", "result":"DeleteReceived", "context":{"id":"e86d205e-6f6b-40a4-b0b3-7c96524a111a", "isDeleted:":"true", "version":"1708126617394"}}
{"logTime": "0301/035815", "correlationVector":"veBHSN9Mg4qg5oPcFg+29s.29","action":"GetUpdates", "result":"DeleteReceived", "context":{"id":"79caa030-d812-4b7a-9061-4b6b273e82d1", "isDeleted:":"true", "version":"1708135501081"}}
{"logTime": "0301/035815", "correlationVector":"veBHSN9Mg4qg5oPcFg+29s.30","action":"GetUpdates", "result":"DeleteReceived", "context":{"id":"a7f7e314-1f7a-4976-b7e2-2867b564e8f3", "isDeleted:":"true", "version":"1708137240838"}}
{"logTime": "0301/035815", "correlationVector":"veBHSN9Mg4qg5oPcFg+29s.31","action":"GetUpdates", "result":"DeleteReceived", "context":{"id":"ec7f8bd7-b32f-4683-8be3-704d48fe038c", "isDeleted:":"true", "version":"1708141870973"}}
{"logTime": "0301/035815", "correlationVector":"veBHSN9Mg4qg5oPcFg+29s.32","action":"GetUpdates", "result":"DeleteReceived", "context":{"id":"c4af70b5-0587-4429-91f0-361a80571803", "isDeleted:":"true", "version":"1708141992220"}}
{"logTime": "0301/035815", "correlationVector":"veBHSN9Mg4qg5oPcFg+29s.33","action":"GetUpdates", "result":"DeleteReceived", "context":{"id":"a67ecde4-8f5d-4d3a-aa96-83ba5d3bddbc", "isDeleted:":"true", "version":"1708149480766"}}
{"logTime": "0301/035815", "correlationVector":"veBHSN9Mg4qg5oPcFg+29s.34","action":"GetUpdates", "result":"DeleteReceived", "context":{"id":"951c933f-2aed-4e30-b042-923df3720bd2", "isDeleted:":"true", "version":"1708285558635"}}
{"logTime": "0301/035815", "correlationVector":"veBHSN9Mg4qg5oPcFg+29s.35","action":"GetUpdates", "result":"DeleteReceived", "context":{"id":"a15e6042-e45c-49e9-bdb4-d53a6c46e091", "isDeleted:":"true", "version":"1708285558636"}}
{"logTime": "0301/035815", "correlationVector":"veBHSN9Mg4qg5oPcFg+29s.36","action":"GetUpdates", "result":"DeleteReceived", "context":{"id":"c0e74b63-aadb-4360-9181-e11e7cc25206", "isDeleted:":"true", "version":"1708285913178"}}
{"logTime": "0301/035815", "correlationVector":"veBHSN9Mg4qg5oPcFg+29s.37","action":"GetUpdates", "result":"DeleteReceived", "context":{"id":"cfb5043f-c00d-4fb6-a43a-48ca299a5296", "isDeleted:":"true", "version":"1708294339436"}}
{"logTime": "0301/035815", "correlationVector":"veBHSN9Mg4qg5oPcFg+29s.38","action":"GetUpdates", "result":"DeleteReceived", "context":{"id":"1ddae084-d93e-4bad-b573-bf84c8e57d42", "isDeleted:":"true", "version":"1708298112802"}}
{"logTime": "0301/035815", "correlationVector":"veBHSN9Mg4qg5oPcFg+29s.39","action":"GetUpdates", "result":"DeleteReceived", "context":{"id":"fe7477a3-b080-42fe-a34f-9bc9a7b2dbfa", "isDeleted:":"true", "version":"1708298112803"}}
{"logTime": "0301/035815", "correlationVector":"veBHSN9Mg4qg5oPcFg+29s.40","action":"GetUpdates", "result":"DeleteReceived", "context":{"id":"610fdc75-5f31-45b6-9b20-d87565375f0b", "isDeleted:":"true", "version":"1708299379881"}}
{"logTime": "0301/035815", "correlationVector":"veBHSN9Mg4qg5oPcFg+29s.41","action":"GetUpdates", "result":"DeleteReceived", "context":{"id":"714bead6-a372-49ea-95b1-6fd2b7d7308b", "isDeleted:":"true", "version":"1708304539411"}}
{"logTime": "0301/035815", "correlationVector":"veBHSN9Mg4qg5oPcFg+29s.42","action":"GetUpdates", "result":"DeleteReceived", "context":{"id":"e79f5b84-bdeb-4085-b940-e9c008a3a475", "isDeleted:":"true", "version":"1708304539412"}}
{"logTime": "0301/035815", "correlationVector":"veBHSN9Mg4qg5oPcFg+29s.43","action":"GetUpdates", "result":"DeleteReceived", "context":{"id":"38671ebc-40f6-44be-96f3-555ef1f13272", "isDeleted:":"true", "version":"1708317486946"}}
{"logTime": "0301/035815", "correlationVector":"veBHSN9Mg4qg5oPcFg+29s.44","action":"GetUpdates", "result":"DeleteReceived", "context":{"id":"58a8ae63-1ba6-4f02-b7b6-eef6cec96417", "isDeleted:":"true", "version":"1708317768540"}}
{"logTime": "0301/035815", "correlationVector":"veBHSN9Mg4qg5oPcFg+29s.45","action":"GetUpdates", "result":"DeleteReceived", "context":{"id":"dd186b4c-c515-473f-bbf7-c76ccf566ab0", "isDeleted:":"true", "version":"1708320662750"}}
{"logTime": "0301/035815", "correlationVector":"veBHSN9Mg4qg5oPcFg+29s.46","action":"GetUpdates", "result":"DeleteReceived", "context":{"id":"d9ea0572-57f2-4d6b-8bc9-735a9bde94a3", "isDeleted:":"true", "version":"1708320794590"}}
{"logTime": "0301/035815", "correlationVector":"veBHSN9Mg4qg5oPcFg+29s.47","action":"GetUpdates", "result":"DeleteReceived", "context":{"id":"9d361f9d-bfce-4c5b-8f34-8c3f19062eaa", "isDeleted:":"true", "version":"1708320794592"}}
{"logTime": "0301/035815", "correlationVector":"veBHSN9Mg4qg5oPcFg+29s.48","action":"GetUpdates", "result":"DeleteReceived", "context":{"id":"39197517-156e-4a21-9433-18054d6bd01a", "isDeleted:":"true", "version":"1708320853665"}}
{"logTime": "0301/035815", "correlationVector":"veBHSN9Mg4qg5oPcFg+29s.49","action":"GetUpdates", "result":"DeleteReceived", "context":{"id":"0bf8fdfa-d198-4ed1-bf57-ab39f9d8c3f7", "isDeleted:":"true", "version":"1708321128386"}}
{"logTime": "0301/035815", "correlationVector":"veBHSN9Mg4qg5oPcFg+29s.50","action":"GetUpdates", "result":"DeleteReceived", "context":{"id":"1f690dd9-c8dc-45e1-8a84-dd0d6a098a71", "isDeleted:":"true", "version":"1708321203573"}}
{"logTime": "0301/035815", "correlationVector":"veBHSN9Mg4qg5oPcFg+29s.51","action":"GetUpdates", "result":"DeleteReceived", "context":{"id":"53aae3b4-de6e-449b-b726-f053e37d0f41", "isDeleted:":"true", "version":"1708321239806"}}
{"logTime": "0301/035815", "correlationVector":"veBHSN9Mg4qg5oPcFg+29s.52","action":"GetUpdates", "result":"DeleteReceived", "context":{"id":"29274c16-f487-449d-a86d-8b3a22885d74", "isDeleted:":"true", "version":"1708321239807"}}
{"logTime": "0301/035815", "correlationVector":"veBHSN9Mg4qg5oPcFg+29s.53","action":"GetUpdates", "result":"DeleteReceived", "context":{"id":"84f0ca24-bc88-4929-b3ce-4f059300765f", "isDeleted:":"true", "version":"1708322418106"}}
{"logTime": "0301/035815", "correlationVector":"veBHSN9Mg4qg5oPcFg+29s.54","action":"GetUpdates", "result":"DeleteReceived", "context":{"id":"0394e4c1-49db-4fb9-a491-6a79b3b239b1", "isDeleted:":"true", "version":"1708322594475"}}
{"logTime": "0301/035815", "correlationVector":"veBHSN9Mg4qg5oPcFg+29s.55","action":"GetUpdates", "result":"DeleteReceived", "context":{"id":"183aeccb-eae2-4234-ae4f-4e262c51e926", "isDeleted:":"true", "version":"1708322594476"}}
{"logTime": "0301/035815", "correlationVector":"veBHSN9Mg4qg5oPcFg+29s.56","action":"GetUpdates", "result":"DeleteReceived", "context":{"id":"854bdbf5-c29c-4c9c-846b-a7ed069e3d1c", "isDeleted:":"true", "version":"1708323306891"}}
{"logTime": "0301/035815", "correlationVector":"veBHSN9Mg4qg5oPcFg+29s.57","action":"GetUpdates Response", "result":"SYNCER_OK", "context":Received 122 update(s). cV=veBHSN9Mg4qg5oPcFg+29s.0;server=GENERAL0100000X;cloudType=Consumer;environment=Prod_SouthCentralUS_000i;migrationStage=NotStarted}
{"logTime": "0301/035815", "correlationVector":"cznGabDLRXuR1uI9oNqe/2","action":"Normal GetUpdate request", "result":"", "context":cV=cznGabDLRXuR1uI9oNqe/2
Nudged types: Bookmarks, Sessions, Device Info
Refresh requested types: Bookmarks, Preferences, Passwords, Autofill Profiles, Autofill, Typed URLs, Extensions, Sessions, Extension settings, History Delete Directives, Device Info, User Consents, Send Tab To Self, Web Apps, Collection, Edge E Drop, Edge Hub App Usage, Edge Wallet, Encryption Keys}
{"logTime": "0301/035815", "correlationVector":"cznGabDLRXuR1uI9oNqe/2.1","action":"SyncServerConnectionManagerRequest", "result":"SYNC_SERVER_OK", "context":{"environment":"Prod_SouthCentralUS_000i", "migrationStage":"NotStarted", "server":"GENERAL0100000B"}}
{"logTime": "0301/035815", "correlationVector":"cznGabDLRXuR1uI9oNqe/2.2","action":"GetUpdates Response", "result":"SYNCER_OK", "context":Received 0 update(s). cV=cznGabDLRXuR1uI9oNqe/2.0;server=GENERAL0100000B;cloudType=Consumer;environment=Prod_SouthCentralUS_000i;migrationStage=NotStarted}
{"logTime": "0301/035815", "correlationVector":"v9kIlRiTjTE8ZwMuDNzZ6/","action":"Commit Request", "result":"", "context":Item count: 8
Contributing types: Bookmarks, Typed URLs, Sessions, Device Info}
{"logTime": "0301/035815", "correlationVector":"v9kIlRiTjTE8ZwMuDNzZ6/.1","action":"SyncServerConnectionManagerRequest", "result":"SYNC_SERVER_OK", "context":{"environment":"Prod_SouthCentralUS_000i", "migrationStage":"NotStarted", "server":"GENERAL01000007"}}
{"logTime": "0301/035815", "correlationVector":"v9kIlRiTjTE8ZwMuDNzZ6/.2","action":"Commit Response", "result":"SYNCER_OK", "context":Result: SYNCER_OK. cV=v9kIlRiTjTE8ZwMuDNzZ6/.0;server=GENERAL01000007;cloudType=Consumer;environment=Prod_SouthCentralUS_000i;migrationStage=NotStarted}
{"logTime": "0301/035829", "correlationVector":"vjRLPv9Fc05shVHWH9DMJo","action":"Commit Request", "result":"", "context":Item count: 1
Contributing types: Preferences}
{"logTime": "0301/035829", "correlationVector":"vjRLPv9Fc05shVHWH9DMJo.1","action":"SyncServerConnectionManagerRequest", "result":"SYNC_SERVER_OK", "context":{"environment":"Prod_SouthCentralUS_000i", "migrationStage":"NotStarted", "server":"GENERAL0100000E"}}
{"logTime": "0301/035829", "correlationVector":"vjRLPv9Fc05shVHWH9DMJo.2","action":"Commit Response", "result":"SYNCER_OK", "context":Result: SYNCER_OK. cV=vjRLPv9Fc05shVHWH9DMJo.0;server=GENERAL0100000E;cloudType=Consumer;environment=Prod_SouthCentralUS_000i;migrationStage=NotStarted}
{"logTime": "0301/040136", "correlationVector":"tAN0FrjKKbtSun34pevWH5","action":"Commit Request", "result":"", "context":Item count: 1
Contributing types: Sessions}
{"logTime": "0301/040136", "correlationVector":"tAN0FrjKKbtSun34pevWH5.1","action":"SyncServerConnectionManagerRequest", "result":"SYNC_SERVER_OK", "context":{"environment":"Prod_SouthCentralUS_000i", "migrationStage":"NotStarted", "server":"GENERAL0100000H"}}
{"logTime": "0301/040136", "correlationVector":"tAN0FrjKKbtSun34pevWH5.2","action":"Commit Response", "result":"SYNCER_OK", "context":Result: SYNCER_OK. cV=tAN0FrjKKbtSun34pevWH5.0;server=GENERAL0100000H;cloudType=Consumer;environment=Prod_SouthCentralUS_000i;migrationStage=NotStarted}
{"logTime": "0301/040259", "correlationVector":"WQW8dKb7mMwmziQ2cQf7V+","action":"Commit Request", "result":"", "context":Item count: 1
Contributing types: Preferences}
{"logTime": "0301/040259", "correlationVector":"WQW8dKb7mMwmziQ2cQf7V+.1","action":"SyncServerConnectionManagerRequest", "result":"SYNC_SERVER_OK", "context":{"environment":"Prod_SouthCentralUS_000i", "migrationStage":"NotStarted", "server":"GENERAL0100000O"}}
{"logTime": "0301/040259", "correlationVector":"WQW8dKb7mMwmziQ2cQf7V+.2","action":"Commit Response", "result":"SYNCER_OK", "context":Result: SYNCER_OK. cV=WQW8dKb7mMwmziQ2cQf7V+.0;server=GENERAL0100000O;cloudType=Consumer;environment=Prod_SouthCentralUS_000i;migrationStage=NotStarted}
{"logTime": "0301/040300", "correlationVector":"GdtMFLKrumamobnPu+BbO8","action":"Normal GetUpdate request", "result":"", "context":cV=GdtMFLKrumamobnPu+BbO8
Refresh requested types: Bookmarks, Preferences, Passwords, Autofill Profiles, Autofill, Typed URLs, Extensions, Sessions, Extension settings, History Delete Directives, Device Info, User Consents, Send Tab To Self, Web Apps, Collection, Edge E Drop, Edge Hub App Usage, Edge Wallet, Encryption Keys}
{"logTime": "0301/040300", "correlationVector":"GdtMFLKrumamobnPu+BbO8.1","action":"SyncServerConnectionManagerRequest", "result":"SYNC_SERVER_OK", "context":{"environment":"Prod_SouthCentralUS_000i", "migrationStage":"NotStarted", "server":"GENERAL01000013"}}
{"logTime": "0301/040300", "correlationVector":"GdtMFLKrumamobnPu+BbO8.2","action":"GetUpdates Response", "result":"SYNCER_OK", "context":Received 10 update(s). cV=GdtMFLKrumamobnPu+BbO8.0;server=GENERAL01000013;cloudType=Consumer;environment=Prod_SouthCentralUS_000i;migrationStage=NotStarted}
{"logTime": "0301/040448", "correlationVector":"NHkpq8n8Tlxd7UTeJp71lZ","action":"Commit Request", "result":"", "context":Item count: 1
Contributing types: Sessions}
{"logTime": "0301/040448", "correlationVector":"NHkpq8n8Tlxd7UTeJp71lZ.1","action":"SyncServerConnectionManagerRequest", "result":"SYNC_SERVER_OK", "context":{"environment":"Prod_SouthCentralUS_000i", "migrationStage":"NotStarted", "server":"GENERAL01000017"}}
{"logTime": "0301/040448", "correlationVector":"NHkpq8n8Tlxd7UTeJp71lZ.2","action":"Commit Response", "result":"SYNCER_OK", "context":Result: SYNCER_OK. cV=NHkpq8n8Tlxd7UTeJp71lZ.0;server=GENERAL01000017;cloudType=Consumer;environment=Prod_SouthCentralUS_000i;migrationStage=NotStarted}
{"logTime": "0301/040605", "correlationVector":"ePNMddSi37Fqk5xxfdalJW","action":"Commit Request", "result":"", "context":Item count: 1
Contributing types: Sessions}
{"logTime": "0301/040606", "correlationVector":"ePNMddSi37Fqk5xxfdalJW.1","action":"SyncServerConnectionManagerRequest", "result":"SYNC_SERVER_OK", "context":{"environment":"Prod_SouthCentralUS_000i", "migrationStage":"NotStarted", "server":"GENERAL01000000"}}
{"logTime": "0301/040606", "correlationVector":"ePNMddSi37Fqk5xxfdalJW.2","action":"Commit Response", "result":"SYNCER_OK", "context":Result: SYNCER_OK. cV=ePNMddSi37Fqk5xxfdalJW.0;server=GENERAL01000000;cloudType=Consumer;environment=Prod_SouthCentralUS_000i;migrationStage=NotStarted}
{"logTime": "0301/040727", "correlationVector":"0nSW0zytkhiLy+vypjGaI0","action":"Commit Request", "result":"", "context":Item count: 1
Contributing types: Sessions}
{"logTime": "0301/040727", "correlationVector":"0nSW0zytkhiLy+vypjGaI0.1","action":"SyncServerConnectionManagerRequest", "result":"SYNC_SERVER_OK", "context":{"environment":"Prod_SouthCentralUS_000i", "migrationStage":"NotStarted", "server":"GENERAL01000014"}}
{"logTime": "0301/040727", "correlationVector":"0nSW0zytkhiLy+vypjGaI0.2","action":"Commit Response", "result":"SYNCER_OK", "context":Result: SYNCER_OK. cV=0nSW0zytkhiLy+vypjGaI0.0;server=GENERAL01000014;cloudType=Consumer;environment=Prod_SouthCentralUS_000i;migrationStage=NotStarted}
{"logTime": "0301/040759", "correlationVector":"RAgeEe9SD8SNnuRHXZ8SpE","action":"Commit Request", "result":"", "context":Item count: 1
Contributing types: Sessions}
{"logTime": "0301/040759", "correlationVector":"RAgeEe9SD8SNnuRHXZ8SpE.1","action":"SyncServerConnectionManagerRequest", "result":"SYNC_SERVER_OK", "context":{"environment":"Prod_SouthCentralUS_000i", "migrationStage":"NotStarted", "server":"GENERAL0100000S"}}
{"logTime": "0301/040759", "correlationVector":"RAgeEe9SD8SNnuRHXZ8SpE.2","action":"Commit Response", "result":"SYNCER_OK", "context":Result: SYNCER_OK. cV=RAgeEe9SD8SNnuRHXZ8SpE.0;server=GENERAL0100000S;cloudType=Consumer;environment=Prod_SouthCentralUS_000i;migrationStage=NotStarted}
{"logTime": "0301/040907", "correlationVector":"KrYS/HBopXWSKQxylMeX1C","action":"Commit Request", "result":"", "context":Item count: 1
Contributing types: Sessions}
{"logTime": "0301/040907", "correlationVector":"KrYS/HBopXWSKQxylMeX1C.1","action":"SyncServerConnectionManagerRequest", "result":"SYNC_SERVER_OK", "context":{"environment":"Prod_SouthCentralUS_000i", "migrationStage":"NotStarted", "server":"GENERAL0100001F"}}
{"logTime": "0301/040907", "correlationVector":"KrYS/HBopXWSKQxylMeX1C.2","action":"Commit Response", "result":"SYNCER_OK", "context":Result: SYNCER_OK. cV=KrYS/HBopXWSKQxylMeX1C.0;server=GENERAL0100001F;cloudType=Consumer;environment=Prod_SouthCentralUS_000i;migrationStage=NotStarted}
{"logTime": "0301/040943", "correlationVector":"C52PE0XUbG8JFx66EO3Szw","action":"Commit Request", "result":"", "context":Item count: 1
Contributing types: Sessions}
{"logTime": "0301/040944", "correlationVector":"C52PE0XUbG8JFx66EO3Szw.1","action":"SyncServerConnectionManagerRequest", "result":"SYNC_SERVER_OK", "context":{"environment":"Prod_SouthCentralUS_000i", "migrationStage":"NotStarted", "server":"GENERAL0100001A"}}
{"logTime": "0301/040944", "correlationVector":"C52PE0XUbG8JFx66EO3Szw.2","action":"Commit Response", "result":"SYNCER_OK", "context":Result: SYNCER_OK. cV=C52PE0XUbG8JFx66EO3Szw.0;server=GENERAL0100001A;cloudType=Consumer;environment=Prod_SouthCentralUS_000i;migrationStage=NotStarted}
{"logTime": "0301/041030", "correlationVector":"uLwGeAG3zcJ/KSXIyccTRJ","action":"Commit Request", "result":"", "context":Item count: 1
Contributing types: Sessions}
{"logTime": "0301/041030", "correlationVector":"uLwGeAG3zcJ/KSXIyccTRJ.1","action":"SyncServerConnectionManagerRequest", "result":"SYNC_SERVER_OK", "context":{"environment":"Prod_SouthCentralUS_000i", "migrationStage":"NotStarted", "server":"GENERAL0100001G"}}
{"logTime": "0301/041030", "correlationVector":"uLwGeAG3zcJ/KSXIyccTRJ.2","action":"Commit Response", "result":"SYNCER_OK", "context":Result: SYNCER_OK. cV=uLwGeAG3zcJ/KSXIyccTRJ.0;server=GENERAL0100001G;cloudType=Consumer;environment=Prod_SouthCentralUS_000i;migrationStage=NotStarted}
{"logTime": "0301/041130", "correlationVector":"4i0B+vESVHezxwDJ9h4cS1","action":"Commit Request", "result":"", "context":Item count: 1
Contributing types: Sessions}
{"logTime": "0301/041130", "correlationVector":"4i0B+vESVHezxwDJ9h4cS1.1","action":"SyncServerConnectionManagerRequest", "result":"SYNC_SERVER_OK", "context":{"environment":"Prod_SouthCentralUS_000i", "migrationStage":"NotStarted", "server":"GENERAL01000011"}}
{"logTime": "0301/041130", "correlationVector":"4i0B+vESVHezxwDJ9h4cS1.2","action":"Commit Response", "result":"SYNCER_OK", "context":Result: SYNCER_OK. cV=4i0B+vESVHezxwDJ9h4cS1.0;server=GENERAL01000011;cloudType=Consumer;environment=Prod_SouthCentralUS_000i;migrationStage=NotStarted}
{"logTime": "0301/041202", "correlationVector":"RSg96f/zzpszT0BjGuV1zR","action":"Commit Request", "result":"", "context":Item count: 1
Contributing types: Sessions}
{"logTime": "0301/041202", "correlationVector":"RSg96f/zzpszT0BjGuV1zR.1","action":"SyncServerConnectionManagerRequest", "result":"SYNC_SERVER_OK", "context":{"environment":"Prod_SouthCentralUS_000i", "migrationStage":"NotStarted", "server":"GENERAL0100000D"}}
{"logTime": "0301/041202", "correlationVector":"RSg96f/zzpszT0BjGuV1zR.2","action":"Commit Response", "result":"SYNCER_OK", "context":Result: SYNCER_OK. cV=RSg96f/zzpszT0BjGuV1zR.0;server=GENERAL0100000D;cloudType=Consumer;environment=Prod_SouthCentralUS_000i;migrationStage=NotStarted}
{"logTime": "0301/041240", "correlationVector":"EyiniCBNxQmuY8T1Mel565","action":"Commit Request", "result":"", "context":Item count: 1
Contributing types: Sessions}
{"logTime": "0301/041240", "correlationVector":"EyiniCBNxQmuY8T1Mel565.1","action":"SyncServerConnectionManagerRequest", "result":"SYNC_SERVER_OK", "context":{"environment":"Prod_SouthCentralUS_000i", "migrationStage":"NotStarted", "server":"GENERAL0100000O"}}
{"logTime": "0301/041240", "correlationVector":"EyiniCBNxQmuY8T1Mel565.2","action":"Commit Response", "result":"SYNCER_OK", "context":Result: SYNCER_OK. cV=EyiniCBNxQmuY8T1Mel565.0;server=GENERAL0100000O;cloudType=Consumer;environment=Prod_SouthCentralUS_000i;migrationStage=NotStarted}
{"logTime": "0301/041322", "correlationVector":"gdnvBAc5s0t4iYQI27kuzn","action":"Commit Request", "result":"", "context":Item count: 1
Contributing types: Sessions}
{"logTime": "0301/041322", "correlationVector":"gdnvBAc5s0t4iYQI27kuzn.1","action":"SyncServerConnectionManagerRequest", "result":"SYNC_SERVER_OK", "context":{"environment":"Prod_SouthCentralUS_000i", "migrationStage":"NotStarted", "server":"GENERAL0100001F"}}
{"logTime": "0301/041322", "correlationVector":"gdnvBAc5s0t4iYQI27kuzn.2","action":"Commit Response", "result":"SYNCER_OK", "context":Result: SYNCER_OK. cV=gdnvBAc5s0t4iYQI27kuzn.0;server=GENERAL0100001F;cloudType=Consumer;environment=Prod_SouthCentralUS_000i;migrationStage=NotStarted}
{"logTime": "0301/041358", "correlationVector":"GV/VoLMbHKwgSJnEemc1ws","action":"Commit Request", "result":"", "context":Item count: 1
Contributing types: Sessions}
{"logTime": "0301/041359", "correlationVector":"GV/VoLMbHKwgSJnEemc1ws.1","action":"SyncServerConnectionManagerRequest", "result":"SYNC_SERVER_OK", "context":{"environment":"Prod_SouthCentralUS_000i", "migrationStage":"NotStarted", "server":"GENERAL01000008"}}
{"logTime": "0301/041359", "correlationVector":"GV/VoLMbHKwgSJnEemc1ws.2","action":"Commit Response", "result":"SYNCER_OK", "context":Result: SYNCER_OK. cV=GV/VoLMbHKwgSJnEemc1ws.0;server=GENERAL01000008;cloudType=Consumer;environment=Prod_SouthCentralUS_000i;migrationStage=NotStarted}
{"logTime": "0301/041444", "correlationVector":"Hyxkg8s/bylEnyT8yU/WTj","action":"Commit Request", "result":"", "context":Item count: 1
Contributing types: Sessions}
{"logTime": "0301/041444", "correlationVector":"Hyxkg8s/bylEnyT8yU/WTj.1","action":"SyncServerConnectionManagerRequest", "result":"SYNC_SERVER_OK", "context":{"environment":"Prod_SouthCentralUS_000i", "migrationStage":"NotStarted", "server":"GENERAL01000000"}}
{"logTime": "0301/041444", "correlationVector":"Hyxkg8s/bylEnyT8yU/WTj.2","action":"Commit Response", "result":"SYNCER_OK", "context":Result: SYNCER_OK. cV=Hyxkg8s/bylEnyT8yU/WTj.0;server=GENERAL01000000;cloudType=Consumer;environment=Prod_SouthCentralUS_000i;migrationStage=NotStarted}
{"logTime": "0301/041515", "correlationVector":"2c5MClgNzxCXMo53O1Tudp","action":"Commit Request", "result":"", "context":Item count: 1
Contributing types: Sessions}
{"logTime": "0301/041515", "correlationVector":"2c5MClgNzxCXMo53O1Tudp.1","action":"SyncServerConnectionManagerRequest", "result":"SYNC_SERVER_OK", "context":{"environment":"Prod_SouthCentralUS_000i", "migrationStage":"NotStarted", "server":"GENERAL0100000N"}}
{"logTime": "0301/041515", "correlationVector":"2c5MClgNzxCXMo53O1Tudp.2","action":"Commit Response", "result":"SYNCER_OK", "context":Result: SYNCER_OK. cV=2c5MClgNzxCXMo53O1Tudp.0;server=GENERAL0100000N;cloudType=Consumer;environment=Prod_SouthCentralUS_000i;migrationStage=NotStarted}
{"logTime": "0301/041546", "correlationVector":"w6bXAOmB40ebKU3U35LQHQ","action":"Commit Request", "result":"", "context":Item count: 1
Contributing types: Sessions}
{"logTime": "0301/041546", "correlationVector":"w6bXAOmB40ebKU3U35LQHQ.1","action":"SyncServerConnectionManagerRequest", "result":"SYNC_SERVER_OK", "context":{"environment":"Prod_SouthCentralUS_000i", "migrationStage":"NotStarted", "server":"GENERAL0100000K"}}
{"logTime": "0301/041546", "correlationVector":"w6bXAOmB40ebKU3U35LQHQ.2","action":"Commit Response", "result":"SYNCER_OK", "context":Result: SYNCER_OK. cV=w6bXAOmB40ebKU3U35LQHQ.0;server=GENERAL0100000K;cloudType=Consumer;environment=Prod_SouthCentralUS_000i;migrationStage=NotStarted}
{"logTime": "0301/041617", "correlationVector":"oycXHuyidwk1Vld8OajfSP","action":"Commit Request", "result":"", "context":Item count: 1
Contributing types: Sessions}
{"logTime": "0301/041617", "correlationVector":"oycXHuyidwk1Vld8OajfSP.1","action":"SyncServerConnectionManagerRequest", "result":"SYNC_SERVER_OK", "context":{"environment":"Prod_SouthCentralUS_000i", "migrationStage":"NotStarted", "server":"GENERAL0100000Z"}}
{"logTime": "0301/041617", "correlationVector":"oycXHuyidwk1Vld8OajfSP.2","action":"Commit Response", "result":"SYNCER_OK", "context":Result: SYNCER_OK. cV=oycXHuyidwk1Vld8OajfSP.0;server=GENERAL0100000Z;cloudType=Consumer;environment=Prod_SouthCentralUS_000i;migrationStage=NotStarted}
{"logTime": "0301/043333", "correlationVector":"k6MIXcAbc1vMi9ILJCWFO/","action":"Commit Request", "result":"", "context":Item count: 1
Contributing types: Sessions}
{"logTime": "0301/043334", "correlationVector":"k6MIXcAbc1vMi9ILJCWFO/.1","action":"SyncServerConnectionManagerRequest", "result":"SYNC_SERVER_OK", "context":{"environment":"Prod_SouthCentralUS_000i", "migrationStage":"NotStarted", "server":"GENERAL0100001F"}}
{"logTime": "0301/043334", "correlationVector":"k6MIXcAbc1vMi9ILJCWFO/.2","action":"Commit Response", "result":"SYNCER_OK", "context":Result: SYNCER_OK. cV=k6MIXcAbc1vMi9ILJCWFO/.0;server=GENERAL0100001F;cloudType=Consumer;environment=Prod_SouthCentralUS_000i;migrationStage=NotStarted}
{"logTime": "0301/043537", "correlationVector":"yS9D6y0HL+9LC4JrJc8ZWI","action":"Commit Request", "result":"", "context":Item count: 1
Contributing types: Sessions}
{"logTime": "0301/043537", "correlationVector":"yS9D6y0HL+9LC4JrJc8ZWI.1","action":"SyncServerConnectionManagerRequest", "result":"SYNC_SERVER_OK", "context":{"environment":"Prod_SouthCentralUS_000i", "migrationStage":"NotStarted", "server":"GENERAL0100001C"}}
{"logTime": "0301/043537", "correlationVector":"yS9D6y0HL+9LC4JrJc8ZWI.2","action":"Commit Response", "result":"SYNCER_OK", "context":Result: SYNCER_OK. cV=yS9D6y0HL+9LC4JrJc8ZWI.0;server=GENERAL0100001C;cloudType=Consumer;environment=Prod_SouthCentralUS_000i;migrationStage=NotStarted}
{"logTime": "0301/043610", "correlationVector":"WS5RS9lW4fonbnQkLkNczJ","action":"Commit Request", "result":"", "context":Item count: 1
Contributing types: Sessions}
{"logTime": "0301/043610", "correlationVector":"WS5RS9lW4fonbnQkLkNczJ.1","action":"SyncServerConnectionManagerRequest", "result":"SYNC_SERVER_OK", "context":{"environment":"Prod_SouthCentralUS_000i", "migrationStage":"NotStarted", "server":"GENERAL0100000J"}}
{"logTime": "0301/043610", "correlationVector":"WS5RS9lW4fonbnQkLkNczJ.2","action":"Commit Response", "result":"SYNCER_OK", "context":Result: SYNCER_OK. cV=WS5RS9lW4fonbnQkLkNczJ.0;server=GENERAL0100000J;cloudType=Consumer;environment=Prod_SouthCentralUS_000i;migrationStage=NotStarted}
{"logTime": "0301/062711", "correlationVector":"uQ78IAq+Zw9MYHGoNRQEK5.1","action":"SyncServerConnectionManagerRequest", "result":"SYNC_SERVER_OK", "context":{"environment":"Prod_SouthCentralUS_000i", "migrationStage":"NotStarted", "server":"GENERAL0100000D"}}
{"logTime": "0301/062711", "correlationVector":"uQ78IAq+Zw9MYHGoNRQEK5","action":"Initial GetUpdates", "result":"", "context":Reason: NEW_CLIENT. cV=uQ78IAq+Zw9MYHGoNRQEK5}
{"logTime": "0301/062711", "correlationVector":"uQ78IAq+Zw9MYHGoNRQEK5.2","action":"GetUpdates Response", "result":"SYNCER_OK", "context":Received 1 update(s). cV=uQ78IAq+Zw9MYHGoNRQEK5.0;server=GENERAL0100000D;cloudType=Consumer;environment=Prod_SouthCentralUS_000i;migrationStage=NotStarted}
{"logTime": "0301/062711", "correlationVector":"QMtTnWFKfnkzTAcNoYGLkG","action":"Initial GetUpdates", "result":"", "context":Reason: NEWLY_SUPPORTED_DATATYPE. cV=QMtTnWFKfnkzTAcNoYGLkG}
{"logTime": "0301/062711", "correlationVector":"QMtTnWFKfnkzTAcNoYGLkG.1","action":"SyncServerConnectionManagerRequest", "result":"SYNC_SERVER_OK", "context":{"environment":"Prod_SouthCentralUS_000i", "migrationStage":"NotStarted", "server":"GENERAL0100000O"}}
{"logTime": "0301/062711", "correlationVector":"QMtTnWFKfnkzTAcNoYGLkG.2","action":"GetUpdates", "result":"DeleteReceived", "context":{"id":"1e1c17a1-f7fe-489e-bfda-cfff65587099", "isDeleted:":"true", "version":"1687400152613"}}
{"logTime": "0301/062711", "correlationVector":"QMtTnWFKfnkzTAcNoYGLkG.3","action":"GetUpdates", "result":"DeleteReceived", "context":{"id":"11b93deb-d834-41e3-a012-7399a7581c7d", "isDeleted:":"true", "version":"1691932899874"}}
{"logTime": "0301/062711", "correlationVector":"QMtTnWFKfnkzTAcNoYGLkG.4","action":"GetUpdates Response", "result":"SYNCER_OK", "context":Received 117 update(s). cV=QMtTnWFKfnkzTAcNoYGLkG.0;server=GENERAL0100000O;cloudType=Consumer;environment=Prod_SouthCentralUS_000i;migrationStage=NotStarted}
{"logTime": "0301/062711", "correlationVector":"g2p0R1vN01PD5Rgy0+bYds","action":"Normal GetUpdate request", "result":"", "context":cV=g2p0R1vN01PD5Rgy0+bYds
Nudged types: Preferences, Sessions, Edge Hub App Usage
Refresh requested types: Bookmarks, Preferences, Passwords, Autofill Profiles, Autofill, Typed URLs, Extensions, Sessions, Extension settings, History Delete Directives, Device Info, User Consents, Send Tab To Self, Web Apps, Collection, Edge E Drop, Edge Hub App Usage, Edge Wallet, Encryption Keys}
{"logTime": "0301/062711", "correlationVector":"g2p0R1vN01PD5Rgy0+bYds.1","action":"SyncServerConnectionManagerRequest", "result":"SYNC_SERVER_OK", "context":{"environment":"Prod_SouthCentralUS_000i", "migrationStage":"NotStarted", "server":"GENERAL01000009"}}
{"logTime": "0301/062711", "correlationVector":"g2p0R1vN01PD5Rgy0+bYds.2","action":"GetUpdates Response", "result":"SYNCER_OK", "context":Received 1 update(s). cV=g2p0R1vN01PD5Rgy0+bYds.0;server=GENERAL01000009;cloudType=Consumer;environment=Prod_SouthCentralUS_000i;migrationStage=NotStarted}
{"logTime": "0301/062711", "correlationVector":"35lKI4DEUpZcS8Aw9VuqKF","action":"Commit Request", "result":"", "context":Item count: 8
Contributing types: Preferences, Sessions, Edge Hub App Usage}
{"logTime": "0301/062711", "correlationVector":"35lKI4DEUpZcS8Aw9VuqKF.1","action":"SyncServerConnectionManagerRequest", "result":"SYNC_SERVER_OK", "context":{"environment":"Prod_SouthCentralUS_000i", "migrationStage":"NotStarted", "server":"GENERAL0100000P"}}
{"logTime": "0301/062711", "correlationVector":"35lKI4DEUpZcS8Aw9VuqKF.2","action":"Commit Response", "result":"SYNCER_OK", "context":Result: SYNCER_OK. cV=35lKI4DEUpZcS8Aw9VuqKF.0;server=GENERAL0100000P;cloudType=Consumer;environment=Prod_SouthCentralUS_000i;migrationStage=NotStarted}
{"logTime": "0301/062711", "correlationVector":"35lKI4DEUpZcS8Aw9VuqKF.3","action":"Commit.Sessions", "result":"Success", "context":{"id":"56985f1f-1e07-49ac-910b-5024b173b4f5", "isDeleted":"true", "size":"0", "version":"1709267771237"}}
{"logTime": "0301/062711", "correlationVector":"DhTx8/VxlJ7LkxjtGtERGU","action":"SyncServerConnectionManagerRequest", "result":"SYNC_SERVER_OK", "context":{"environment":"", "migrationStage":"", "server":""}}
{"logTime": "0301/062711", "correlationVector":"5mQm9k2Y3ivY67Nt2ER9SJ","action":"Normal GetUpdate request", "result":"", "context":cV=5mQm9k2Y3ivY67Nt2ER9SJ
Nudged types: Preferences, Sessions, Edge Hub App Usage}
{"logTime": "0301/062711", "correlationVector":"5mQm9k2Y3ivY67Nt2ER9SJ.1","action":"SyncServerConnectionManagerRequest", "result":"SYNC_SERVER_OK", "context":{"environment":"Prod_SouthCentralUS_000i", "migrationStage":"NotStarted", "server":"GENERAL01000000"}}
{"logTime": "0301/062711", "correlationVector":"5mQm9k2Y3ivY67Nt2ER9SJ.2","action":"GetUpdates", "result":"DeleteReceived", "context":{"id":"56985f1f-1e07-49ac-910b-5024b173b4f5", "isDeleted:":"true", "version":"1709274421550"}}
{"logTime": "0301/062711", "correlationVector":"5mQm9k2Y3ivY67Nt2ER9SJ.3","action":"GetUpdates Response", "result":"SYNCER_OK", "context":Received 8 update(s). cV=5mQm9k2Y3ivY67Nt2ER9SJ.0;server=GENERAL01000000;cloudType=Consumer;environment=Prod_SouthCentralUS_000i;migrationStage=NotStarted}
{"logTime": "0301/062711", "correlationVector":"fpD0lDzPfSDewIhl/jRPo2","action":"Normal GetUpdate request", "result":"", "context":cV=fpD0lDzPfSDewIhl/jRPo2
Refresh requested types: Bookmarks, Preferences, Passwords, Autofill Profiles, Autofill, Typed URLs, Extensions, Sessions, Extension settings, History Delete Directives, Device Info, User Consents, Send Tab To Self, Web Apps, Collection, Edge E Drop, Edge Hub App Usage, Edge Wallet, Encryption Keys}
{"logTime": "0301/062711", "correlationVector":"fpD0lDzPfSDewIhl/jRPo2.1","action":"SyncServerConnectionManagerRequest", "result":"SYNC_SERVER_OK", "context":{"environment":"Prod_SouthCentralUS_000i", "migrationStage":"NotStarted", "server":"GENERAL01000013"}}
{"logTime": "0301/062711", "correlationVector":"fpD0lDzPfSDewIhl/jRPo2.2","action":"GetUpdates Response", "result":"SYNCER_OK", "context":Received 0 update(s). cV=fpD0lDzPfSDewIhl/jRPo2.0;server=GENERAL01000013;cloudType=Consumer;environment=Prod_SouthCentralUS_000i;migrationStage=NotStarted}
{"logTime": "0301/062730", "correlationVector":"yZ4tChqg3ZpvSSBaqCHXuK","action":"Commit Request", "result":"", "context":Item count: 2
Contributing types: Preferences, Sessions}
{"logTime": "0301/062730", "correlationVector":"yZ4tChqg3ZpvSSBaqCHXuK.1","action":"SyncServerConnectionManagerRequest", "result":"SYNC_SERVER_OK", "context":{"environment":"Prod_SouthCentralUS_000i", "migrationStage":"NotStarted", "server":"GENERAL01000015"}}
{"logTime": "0301/062730", "correlationVector":"yZ4tChqg3ZpvSSBaqCHXuK.2","action":"Commit Response", "result":"SYNCER_OK", "context":Result: SYNCER_OK. cV=yZ4tChqg3ZpvSSBaqCHXuK.0;server=GENERAL01000015;cloudType=Consumer;environment=Prod_SouthCentralUS_000i;migrationStage=NotStarted}
{"logTime": "0301/063014", "correlationVector":"XuToSTOHtbP+XmHWQH75fg","action":"Commit Request", "result":"", "context":Item count: 1
Contributing types: Sessions}
{"logTime": "0301/063015", "correlationVector":"XuToSTOHtbP+XmHWQH75fg.1","action":"SyncServerConnectionManagerRequest", "result":"SYNC_SERVER_OK", "context":{"environment":"Prod_SouthCentralUS_000i", "migrationStage":"NotStarted", "server":"GENERAL01000001"}}
{"logTime": "0301/063015", "correlationVector":"XuToSTOHtbP+XmHWQH75fg.2","action":"Commit Response", "result":"SYNCER_OK", "context":Result: SYNCER_OK. cV=XuToSTOHtbP+XmHWQH75fg.0;server=GENERAL01000001;cloudType=Consumer;environment=Prod_SouthCentralUS_000i;migrationStage=NotStarted}
{"logTime": "0301/063126", "correlationVector":"RYaH7rwfVW4FDECVDT4JiA","action":"Commit Request", "result":"", "context":Item count: 1
Contributing types: Sessions}
{"logTime": "0301/063126", "correlationVector":"RYaH7rwfVW4FDECVDT4JiA.1","action":"SyncServerConnectionManagerRequest", "result":"SYNC_SERVER_OK", "context":{"environment":"Prod_SouthCentralUS_000i", "migrationStage":"NotStarted", "server":"GENERAL01000014"}}
{"logTime": "0301/063126", "correlationVector":"RYaH7rwfVW4FDECVDT4JiA.2","action":"Commit Response", "result":"SYNCER_OK", "context":Result: SYNCER_OK. cV=RYaH7rwfVW4FDECVDT4JiA.0;server=GENERAL01000014;cloudType=Consumer;environment=Prod_SouthCentralUS_000i;migrationStage=NotStarted}
{"logTime": "0301/063159", "correlationVector":"IgJzLMgJk7ByEz3n1rqihH","action":"Normal GetUpdate request", "result":"", "context":cV=IgJzLMgJk7ByEz3n1rqihH
Nudged types: Preferences
Refresh requested types: Bookmarks, Preferences, Passwords, Autofill Profiles, Autofill, Typed URLs, Extensions, Sessions, Extension settings, History Delete Directives, Device Info, User Consents, Send Tab To Self, Web Apps, Collection, Edge E Drop, Edge Hub App Usage, Edge Wallet, Encryption Keys}
{"logTime": "0301/063159", "correlationVector":"IgJzLMgJk7ByEz3n1rqihH.1","action":"SyncServerConnectionManagerRequest", "result":"SYNC_SERVER_OK", "context":{"environment":"Prod_SouthCentralUS_000i", "migrationStage":"NotStarted", "server":"GENERAL0100000N"}}
{"logTime": "0301/063159", "correlationVector":"IgJzLMgJk7ByEz3n1rqihH.2","action":"GetUpdates Response", "result":"SYNCER_OK", "context":Received 2 update(s). cV=IgJzLMgJk7ByEz3n1rqihH.0;server=GENERAL0100000N;cloudType=Consumer;environment=Prod_SouthCentralUS_000i;migrationStage=NotStarted}
{"logTime": "0301/063159", "correlationVector":"Kr74Jhj1kegkfNQPb0bI7L","action":"Commit Request", "result":"", "context":Item count: 1
Contributing types: Preferences}
{"logTime": "0301/063159", "correlationVector":"Kr74Jhj1kegkfNQPb0bI7L.1","action":"SyncServerConnectionManagerRequest", "result":"SYNC_SERVER_OK", "context":{"environment":"Prod_SouthCentralUS_000i", "migrationStage":"NotStarted", "server":"GENERAL0100000O"}}
{"logTime": "0301/063159", "correlationVector":"Kr74Jhj1kegkfNQPb0bI7L.2","action":"Commit Response", "result":"SYNCER_OK", "context":Result: SYNCER_OK. cV=Kr74Jhj1kegkfNQPb0bI7L.0;server=GENERAL0100000O;cloudType=Consumer;environment=Prod_SouthCentralUS_000i;migrationStage=NotStarted}
{"logTime": "0301/063249", "correlationVector":"128NN3k7mCoVpLFmgLKTEO","action":"Commit Request", "result":"", "context":Item count: 1
Contributing types: Sessions}
{"logTime": "0301/063249", "correlationVector":"128NN3k7mCoVpLFmgLKTEO.1","action":"SyncServerConnectionManagerRequest", "result":"SYNC_SERVER_OK", "context":{"environment":"Prod_SouthCentralUS_000i", "migrationStage":"NotStarted", "server":"GENERAL0100000J"}}
{"logTime": "0301/063249", "correlationVector":"128NN3k7mCoVpLFmgLKTEO.2","action":"Commit Response", "result":"SYNCER_OK", "context":Result: SYNCER_OK. cV=128NN3k7mCoVpLFmgLKTEO.0;server=GENERAL0100000J;cloudType=Consumer;environment=Prod_SouthCentralUS_000i;migrationStage=NotStarted}
{"logTime": "0301/070832", "correlationVector":"l0JkSgRqiWyRoS+ncrFqMA","action":"Commit Request", "result":"", "context":Item count: 1
Contributing types: Sessions}
{"logTime": "0301/070832", "correlationVector":"l0JkSgRqiWyRoS+ncrFqMA.1","action":"SyncServerConnectionManagerRequest", "result":"SYNC_SERVER_OK", "context":{"environment":"Prod_SouthCentralUS_000i", "migrationStage":"NotStarted", "server":"GENERAL0100001F"}}
{"logTime": "0301/070832", "correlationVector":"l0JkSgRqiWyRoS+ncrFqMA.2","action":"Commit Response", "result":"SYNCER_OK", "context":Result: SYNCER_OK. cV=l0JkSgRqiWyRoS+ncrFqMA.0;server=GENERAL0100001F;cloudType=Consumer;environment=Prod_SouthCentralUS_000i;migrationStage=NotStarted}
{"logTime": "0301/070911", "correlationVector":"1lwI+55wMRrpi6LtgV3OH7","action":"Commit Request", "result":"", "context":Item count: 1
Contributing types: Sessions}
{"logTime": "0301/070911", "correlationVector":"1lwI+55wMRrpi6LtgV3OH7.1","action":"SyncServerConnectionManagerRequest", "result":"SYNC_SERVER_OK", "context":{"environment":"Prod_SouthCentralUS_000i", "migrationStage":"NotStarted", "server":"GENERAL0100001D"}}
{"logTime": "0301/070911", "correlationVector":"1lwI+55wMRrpi6LtgV3OH7.2","action":"Commit Response", "result":"SYNCER_OK", "context":Result: SYNCER_OK. cV=1lwI+55wMRrpi6LtgV3OH7.0;server=GENERAL0100001D;cloudType=Consumer;environment=Prod_SouthCentralUS_000i;migrationStage=NotStarted}
{"logTime": "0301/070945", "correlationVector":"ESRuMimm30qqCe1gYprUaZ","action":"Commit Request", "result":"", "context":Item count: 1
Contributing types: Sessions}
{"logTime": "0301/070945", "correlationVector":"ESRuMimm30qqCe1gYprUaZ.1","action":"SyncServerConnectionManagerRequest", "result":"SYNC_SERVER_OK", "context":{"environment":"Prod_SouthCentralUS_000i", "migrationStage":"NotStarted", "server":"GENERAL0100001F"}}
{"logTime": "0301/070945", "correlationVector":"ESRuMimm30qqCe1gYprUaZ.2","action":"Commit Response", "result":"SYNCER_OK", "context":Result: SYNCER_OK. cV=ESRuMimm30qqCe1gYprUaZ.0;server=GENERAL0100001F;cloudType=Consumer;environment=Prod_SouthCentralUS_000i;migrationStage=NotStarted}
{"logTime": "0301/071024", "correlationVector":"sshVYYgd5qRaoLyhOC1VcS","action":"Commit Request", "result":"", "context":Item count: 1
Contributing types: Sessions}
{"logTime": "0301/071024", "correlationVector":"sshVYYgd5qRaoLyhOC1VcS.1","action":"SyncServerConnectionManagerRequest", "result":"SYNC_SERVER_OK", "context":{"environment":"Prod_SouthCentralUS_000i", "migrationStage":"NotStarted", "server":"GENERAL0100001C"}}
{"logTime": "0301/071024", "correlationVector":"sshVYYgd5qRaoLyhOC1VcS.2","action":"Commit Response", "result":"SYNCER_OK", "context":Result: SYNCER_OK. cV=sshVYYgd5qRaoLyhOC1VcS.0;server=GENERAL0100001C;cloudType=Consumer;environment=Prod_SouthCentralUS_000i;migrationStage=NotStarted}
{"logTime": "0301/071245", "correlationVector":"MfhN/javYE9p7TtMJrcexL","action":"Commit Request", "result":"", "context":Item count: 1
Contributing types: Sessions}
{"logTime": "0301/071245", "correlationVector":"MfhN/javYE9p7TtMJrcexL.1","action":"SyncServerConnectionManagerRequest", "result":"SYNC_SERVER_OK", "context":{"environment":"Prod_SouthCentralUS_000i", "migrationStage":"NotStarted", "server":"GENERAL01000017"}}
{"logTime": "0301/071245", "correlationVector":"MfhN/javYE9p7TtMJrcexL.2","action":"Commit Response", "result":"SYNCER_OK", "context":Result: SYNCER_OK. cV=MfhN/javYE9p7TtMJrcexL.0;server=GENERAL01000017;cloudType=Consumer;environment=Prod_SouthCentralUS_000i;migrationStage=NotStarted}
{"logTime": "0301/071327", "correlationVector":"i0QOGEzILyA03mFWZoQWKO","action":"Commit Request", "result":"", "context":Item count: 1
Contributing types: Sessions}
{"logTime": "0301/071327", "correlationVector":"i0QOGEzILyA03mFWZoQWKO.1","action":"SyncServerConnectionManagerRequest", "result":"SYNC_SERVER_OK", "context":{"environment":"Prod_SouthCentralUS_000i", "migrationStage":"NotStarted", "server":"GENERAL0100000T"}}
{"logTime": "0301/071327", "correlationVector":"i0QOGEzILyA03mFWZoQWKO.2","action":"Commit Response", "result":"SYNCER_OK", "context":Result: SYNCER_OK. cV=i0QOGEzILyA03mFWZoQWKO.0;server=GENERAL0100000T;cloudType=Consumer;environment=Prod_SouthCentralUS_000i;migrationStage=NotStarted}
{"logTime": "0301/071409", "correlationVector":"Pn8YtZT1KZT0dNaG7SbnTQ","action":"Commit Request", "result":"", "context":Item count: 1
Contributing types: Sessions}
{"logTime": "0301/071409", "correlationVector":"Pn8YtZT1KZT0dNaG7SbnTQ.1","action":"SyncServerConnectionManagerRequest", "result":"SYNC_SERVER_OK", "context":{"environment":"Prod_SouthCentralUS_000i", "migrationStage":"NotStarted", "server":"GENERAL01000010"}}
{"logTime": "0301/071409", "correlationVector":"Pn8YtZT1KZT0dNaG7SbnTQ.2","action":"Commit Response", "result":"SYNCER_OK", "context":Result: SYNCER_OK. cV=Pn8YtZT1KZT0dNaG7SbnTQ.0;server=GENERAL01000010;cloudType=Consumer;environment=Prod_SouthCentralUS_000i;migrationStage=NotStarted}
{"logTime": "0301/071548", "correlationVector":"IFrvM4T9F5kUk8taF6F+Z5","action":"Commit Request", "result":"", "context":Item count: 1
Contributing types: Sessions}
{"logTime": "0301/071548", "correlationVector":"IFrvM4T9F5kUk8taF6F+Z5.1","action":"SyncServerConnectionManagerRequest", "result":"SYNC_SERVER_OK", "context":{"environment":"Prod_SouthCentralUS_000i", "migrationStage":"NotStarted", "server":"GENERAL0100000E"}}
{"logTime": "0301/071548", "correlationVector":"IFrvM4T9F5kUk8taF6F+Z5.2","action":"Commit Response", "result":"SYNCER_OK", "context":Result: SYNCER_OK. cV=IFrvM4T9F5kUk8taF6F+Z5.0;server=GENERAL0100000E;cloudType=Consumer;environment=Prod_SouthCentralUS_000i;migrationStage=NotStarted}
{"logTime": "0301/071748", "correlationVector":"k+DHf6xKpi1GPGIMDUz+I/","action":"Commit Request", "result":"", "context":Item count: 1
Contributing types: Sessions}
{"logTime": "0301/071749", "correlationVector":"k+DHf6xKpi1GPGIMDUz+I/.1","action":"SyncServerConnectionManagerRequest", "result":"SYNC_SERVER_OK", "context":{"environment":"Prod_SouthCentralUS_000i", "migrationStage":"NotStarted", "server":"GENERAL01000007"}}
{"logTime": "0301/071749", "correlationVector":"k+DHf6xKpi1GPGIMDUz+I/.2","action":"Commit Response", "result":"SYNCER_OK", "context":Result: SYNCER_OK. cV=k+DHf6xKpi1GPGIMDUz+I/.0;server=GENERAL01000007;cloudType=Consumer;environment=Prod_SouthCentralUS_000i;migrationStage=NotStarted}
{"logTime": "0301/071910", "correlationVector":"BBv8XT1BiUdkYFaZEs4ivs","action":"Commit Request", "result":"", "context":Item count: 1
Contributing types: Sessions}
{"logTime": "0301/071911", "correlationVector":"BBv8XT1BiUdkYFaZEs4ivs.1","action":"SyncServerConnectionManagerRequest", "result":"SYNC_SERVER_OK", "context":{"environment":"Prod_SouthCentralUS_000i", "migrationStage":"NotStarted", "server":"GENERAL0100000T"}}
{"logTime": "0301/071911", "correlationVector":"BBv8XT1BiUdkYFaZEs4ivs.2","action":"Commit Response", "result":"SYNCER_OK", "context":Result: SYNCER_OK. cV=BBv8XT1BiUdkYFaZEs4ivs.0;server=GENERAL0100000T;cloudType=Consumer;environment=Prod_SouthCentralUS_000i;migrationStage=NotStarted}
{"logTime": "0302/023052", "correlationVector":"a8lqoxWD3E7c9BHgA3VDdn.1","action":"SyncServerConnectionManagerRequest", "result":"SYNC_SERVER_OK", "context":{"environment":"Prod_SouthCentralUS_000i", "migrationStage":"NotStarted", "server":"GENERAL0100000Q"}}
{"logTime": "0302/023052", "correlationVector":"a8lqoxWD3E7c9BHgA3VDdn","action":"Initial GetUpdates", "result":"", "context":Reason: NEW_CLIENT. cV=a8lqoxWD3E7c9BHgA3VDdn}
{"logTime": "0302/023052", "correlationVector":"a8lqoxWD3E7c9BHgA3VDdn.2","action":"GetUpdates Response", "result":"SYNCER_OK", "context":Received 1 update(s). cV=a8lqoxWD3E7c9BHgA3VDdn.0;server=GENERAL0100000Q;cloudType=Consumer;environment=Prod_SouthCentralUS_000i;migrationStage=NotStarted}
{"logTime": "0302/023052", "correlationVector":"6/lLLBDYCe5qDdp3f/HVOB","action":"Initial GetUpdates", "result":"", "context":Reason: NEWLY_SUPPORTED_DATATYPE. cV=6/lLLBDYCe5qDdp3f/HVOB}
{"logTime": "0302/023052", "correlationVector":"6/lLLBDYCe5qDdp3f/HVOB.1","action":"SyncServerConnectionManagerRequest", "result":"SYNC_SERVER_OK", "context":{"environment":"Prod_SouthCentralUS_000i", "migrationStage":"NotStarted", "server":"GENERAL0100000S"}}
{"logTime": "0302/023052", "correlationVector":"6/lLLBDYCe5qDdp3f/HVOB.2","action":"GetUpdates", "result":"DeleteReceived", "context":{"id":"1e1c17a1-f7fe-489e-bfda-cfff65587099", "isDeleted:":"true", "version":"1687400152613"}}
{"logTime": "0302/023052", "correlationVector":"6/lLLBDYCe5qDdp3f/HVOB.3","action":"GetUpdates", "result":"DeleteReceived", "context":{"id":"11b93deb-d834-41e3-a012-7399a7581c7d", "isDeleted:":"true", "version":"1691932899874"}}
{"logTime": "0302/023052", "correlationVector":"6/lLLBDYCe5qDdp3f/HVOB.4","action":"GetUpdates Response", "result":"SYNCER_OK", "context":Received 118 update(s). cV=6/lLLBDYCe5qDdp3f/HVOB.0;server=GENERAL0100000S;cloudType=Consumer;environment=Prod_SouthCentralUS_000i;migrationStage=NotStarted}
{"logTime": "0302/023052", "correlationVector":"9Kdl2ZzUQ7ndSr2GM8bgx/","action":"Normal GetUpdate request", "result":"", "context":cV=9Kdl2ZzUQ7ndSr2GM8bgx/
Nudged types: Sessions, Device Info
Refresh requested types: Bookmarks, Preferences, Passwords, Autofill Profiles, Autofill, Typed URLs, Extensions, Sessions, Extension settings, History Delete Directives, Device Info, User Consents, Send Tab To Self, Web Apps, Collection, Edge E Drop, Edge Hub App Usage, Edge Wallet, Encryption Keys}
{"logTime": "0302/023052", "correlationVector":"9Kdl2ZzUQ7ndSr2GM8bgx/.1","action":"SyncServerConnectionManagerRequest", "result":"SYNC_SERVER_OK", "context":{"environment":"Prod_SouthCentralUS_000i", "migrationStage":"NotStarted", "server":"GENERAL0100000E"}}
{"logTime": "0302/023052", "correlationVector":"9Kdl2ZzUQ7ndSr2GM8bgx/.2","action":"GetUpdates", "result":"DeleteReceived", "context":{"id":"83ae2159-6de9-4b31-b9f3-43dc60eb03b3", "isDeleted:":"true", "version":"1709317291700"}}
{"logTime": "0302/023052", "correlationVector":"9Kdl2ZzUQ7ndSr2GM8bgx/.3","action":"GetUpdates Response", "result":"SYNCER_OK", "context":Received 5 update(s). cV=9Kdl2ZzUQ7ndSr2GM8bgx/.0;server=GENERAL0100000E;cloudType=Consumer;environment=Prod_SouthCentralUS_000i;migrationStage=NotStarted}
{"logTime": "0302/023052", "correlationVector":"i9O/c44tEfU/Ch8Smw3+um","action":"Commit Request", "result":"", "context":Item count: 1
Contributing types: Device Info}
{"logTime": "0302/023052", "correlationVector":"i9O/c44tEfU/Ch8Smw3+um.1","action":"SyncServerConnectionManagerRequest", "result":"SYNC_SERVER_OK", "context":{"environment":"Prod_SouthCentralUS_000i", "migrationStage":"NotStarted", "server":"GENERAL0100000A"}}
{"logTime": "0302/023052", "correlationVector":"i9O/c44tEfU/Ch8Smw3+um.2","action":"Commit Response", "result":"SYNCER_OK", "context":Result: SYNCER_OK. cV=i9O/c44tEfU/Ch8Smw3+um.0;server=GENERAL0100000A;cloudType=Consumer;environment=Prod_SouthCentralUS_000i;migrationStage=NotStarted}
{"logTime": "0302/023052", "correlationVector":"HXHgW8K3mnM7svewFSULgG","action":"Poll GetUpdate request", "result":"", "context":cV=HXHgW8K3mnM7svewFSULgG}
{"logTime": "0302/023052", "correlationVector":"HXHgW8K3mnM7svewFSULgG.1","action":"SyncServerConnectionManagerRequest", "result":"SYNC_SERVER_OK", "context":{"environment":"Prod_SouthCentralUS_000i", "migrationStage":"NotStarted", "server":"GENERAL0100000E"}}
{"logTime": "0302/023052", "correlationVector":"HXHgW8K3mnM7svewFSULgG.2","action":"GetUpdates Response", "result":"SYNCER_OK", "context":Received 1 update(s). cV=HXHgW8K3mnM7svewFSULgG.0;server=GENERAL0100000E;cloudType=Consumer;environment=Prod_SouthCentralUS_000i;migrationStage=NotStarted}
{"logTime": "0302/023052", "correlationVector":"9y9u5/+zYrHppwuyb+X99b","action":"SyncServerConnectionManagerRequest", "result":"SYNC_SERVER_OK", "context":{"environment":"", "migrationStage":"", "server":""}}
{"logTime": "0302/023052", "correlationVector":"/ePnIhwo1tmWY6GugOF0m8","action":"Normal GetUpdate request", "result":"", "context":cV=/ePnIhwo1tmWY6GugOF0m8
Nudged types: Device Info}
{"logTime": "0302/023052", "correlationVector":"/ePnIhwo1tmWY6GugOF0m8.1","action":"SyncServerConnectionManagerRequest", "result":"SYNC_SERVER_OK", "context":{"environment":"Prod_SouthCentralUS_000i", "migrationStage":"NotStarted", "server":"GENERAL0100000O"}}
{"logTime": "0302/023052", "correlationVector":"/ePnIhwo1tmWY6GugOF0m8.2","action":"GetUpdates Response", "result":"SYNCER_OK", "context":Received 0 update(s). cV=/ePnIhwo1tmWY6GugOF0m8.0;server=GENERAL0100000O;cloudType=Consumer;environment=Prod_SouthCentralUS_000i;migrationStage=NotStarted}
{"logTime": "0302/023052", "correlationVector":"ZhfrRHZPxyG1k/qPpZF9vL","action":"Normal GetUpdate request", "result":"", "context":cV=ZhfrRHZPxyG1k/qPpZF9vL
Refresh requested types: Bookmarks, Preferences, Passwords, Autofill Profiles, Autofill, Typed URLs, Extensions, Sessions, Extension settings, History Delete Directives, Device Info, User Consents, Send Tab To Self, Web Apps, Collection, Edge E Drop, Edge Hub App Usage, Edge Wallet, Encryption Keys}
{"logTime": "0302/023052", "correlationVector":"ZhfrRHZPxyG1k/qPpZF9vL.1","action":"SyncServerConnectionManagerRequest", "result":"SYNC_SERVER_OK", "context":{"environment":"Prod_SouthCentralUS_000i", "migrationStage":"NotStarted", "server":"GENERAL01000007"}}
{"logTime": "0302/023052", "correlationVector":"ZhfrRHZPxyG1k/qPpZF9vL.2","action":"GetUpdates Response", "result":"SYNCER_OK", "context":Received 0 update(s). cV=ZhfrRHZPxyG1k/qPpZF9vL.0;server=GENERAL01000007;cloudType=Consumer;environment=Prod_SouthCentralUS_000i;migrationStage=NotStarted}
{"logTime": "0302/023112", "correlationVector":"hl7IhaL4JS/aSdIp/V6H9I","action":"Commit Request", "result":"", "context":Item count: 3
Contributing types: Preferences, Sessions}
{"logTime": "0302/023112", "correlationVector":"hl7IhaL4JS/aSdIp/V6H9I.1","action":"SyncServerConnectionManagerRequest", "result":"SYNC_SERVER_OK", "context":{"environment":"Prod_SouthCentralUS_000i", "migrationStage":"NotStarted", "server":"GENERAL01000013"}}
{"logTime": "0302/023112", "correlationVector":"hl7IhaL4JS/aSdIp/V6H9I.2","action":"Commit Response", "result":"SYNCER_OK", "context":Result: SYNCER_OK. cV=hl7IhaL4JS/aSdIp/V6H9I.0;server=GENERAL01000013;cloudType=Consumer;environment=Prod_SouthCentralUS_000i;migrationStage=NotStarted}
{"logTime": "0302/023349", "correlationVector":"tD6cwscHJt7TzxvRpRaIfk","action":"Commit Request", "result":"", "context":Item count: 1
Contributing types: Sessions}
{"logTime": "0302/023350", "correlationVector":"tD6cwscHJt7TzxvRpRaIfk.1","action":"SyncServerConnectionManagerRequest", "result":"SYNC_SERVER_OK", "context":{"environment":"Prod_SouthCentralUS_000i", "migrationStage":"NotStarted", "server":"GENERAL0100000U"}}
{"logTime": "0302/023350", "correlationVector":"tD6cwscHJt7TzxvRpRaIfk.2","action":"Commit Response", "result":"SYNCER_OK", "context":Result: SYNCER_OK. cV=tD6cwscHJt7TzxvRpRaIfk.0;server=GENERAL0100000U;cloudType=Consumer;environment=Prod_SouthCentralUS_000i;migrationStage=NotStarted}
{"logTime": "0302/023439", "correlationVector":"64dTbYrT1mSDjbeflu73Lc","action":"Commit Request", "result":"", "context":Item count: 1
Contributing types: Sessions}
{"logTime": "0302/023439", "correlationVector":"64dTbYrT1mSDjbeflu73Lc.1","action":"SyncServerConnectionManagerRequest", "result":"SYNC_SERVER_OK", "context":{"environment":"Prod_SouthCentralUS_000i", "migrationStage":"NotStarted", "server":"GENERAL0100000Q"}}
{"logTime": "0302/023439", "correlationVector":"64dTbYrT1mSDjbeflu73Lc.2","action":"Commit Response", "result":"SYNCER_OK", "context":Result: SYNCER_OK. cV=64dTbYrT1mSDjbeflu73Lc.0;server=GENERAL0100000Q;cloudType=Consumer;environment=Prod_SouthCentralUS_000i;migrationStage=NotStarted}
{"logTime": "0302/023521", "correlationVector":"+L86s0e6z0JSo1+jPy/Dbc","action":"Commit Request", "result":"", "context":Item count: 1
Contributing types: Sessions}
{"logTime": "0302/023521", "correlationVector":"+L86s0e6z0JSo1+jPy/Dbc.1","action":"SyncServerConnectionManagerRequest", "result":"SYNC_SERVER_OK", "context":{"environment":"Prod_SouthCentralUS_000i", "migrationStage":"NotStarted", "server":"GENERAL0100000X"}}
{"logTime": "0302/023521", "correlationVector":"+L86s0e6z0JSo1+jPy/Dbc.2","action":"Commit Response", "result":"SYNCER_OK", "context":Result: SYNCER_OK. cV=+L86s0e6z0JSo1+jPy/Dbc.0;server=GENERAL0100000X;cloudType=Consumer;environment=Prod_SouthCentralUS_000i;migrationStage=NotStarted}
{"logTime": "0302/023541", "correlationVector":"r96+04tkjmWhGxed1iAKAb","action":"Normal GetUpdate request", "result":"", "context":cV=r96+04tkjmWhGxed1iAKAb
Refresh requested types: Bookmarks, Preferences, Passwords, Autofill Profiles, Autofill, Typed URLs, Extensions, Sessions, Extension settings, History Delete Directives, Device Info, User Consents, Send Tab To Self, Web Apps, Collection, Edge E Drop, Edge Hub App Usage, Edge Wallet, Encryption Keys}
{"logTime": "0302/023541", "correlationVector":"r96+04tkjmWhGxed1iAKAb.1","action":"SyncServerConnectionManagerRequest", "result":"SYNC_SERVER_OK", "context":{"environment":"Prod_SouthCentralUS_000i", "migrationStage":"NotStarted", "server":"GENERAL01000007"}}
{"logTime": "0302/023541", "correlationVector":"r96+04tkjmWhGxed1iAKAb.2","action":"GetUpdates Response", "result":"SYNCER_OK", "context":Received 3 update(s). cV=r96+04tkjmWhGxed1iAKAb.0;server=GENERAL01000007;cloudType=Consumer;environment=Prod_SouthCentralUS_000i;migrationStage=NotStarted}
{"logTime": "0302/023708", "correlationVector":"z5F11H4x1KXkDqh2YK7KQj","action":"Commit Request", "result":"", "context":Item count: 1
Contributing types: Sessions}
{"logTime": "0302/023708", "correlationVector":"z5F11H4x1KXkDqh2YK7KQj.1","action":"SyncServerConnectionManagerRequest", "result":"SYNC_SERVER_OK", "context":{"environment":"Prod_SouthCentralUS_000i", "migrationStage":"NotStarted", "server":"GENERAL0100000U"}}
{"logTime": "0302/023708", "correlationVector":"z5F11H4x1KXkDqh2YK7KQj.2","action":"Commit Response", "result":"SYNCER_OK", "context":Result: SYNCER_OK. cV=z5F11H4x1KXkDqh2YK7KQj.0;server=GENERAL0100000U;cloudType=Consumer;environment=Prod_SouthCentralUS_000i;migrationStage=NotStarted}
{"logTime": "0302/025429", "correlationVector":"QKw0+y8FZ+pr/YbU3RmN5c","action":"Commit Request", "result":"", "context":Item count: 1
Contributing types: Sessions}
{"logTime": "0302/025430", "correlationVector":"QKw0+y8FZ+pr/YbU3RmN5c.1","action":"SyncServerConnectionManagerRequest", "result":"SYNC_SERVER_OK", "context":{"environment":"Prod_SouthCentralUS_000i", "migrationStage":"NotStarted", "server":"GENERAL0100000N"}}
{"logTime": "0302/025430", "correlationVector":"QKw0+y8FZ+pr/YbU3RmN5c.2","action":"Commit Response", "result":"SYNCER_OK", "context":Result: SYNCER_OK. cV=QKw0+y8FZ+pr/YbU3RmN5c.0;server=GENERAL0100000N;cloudType=Consumer;environment=Prod_SouthCentralUS_000i;migrationStage=NotStarted}
{"logTime": "0302/025800", "correlationVector":"ydiZjCYyvRYIAKVVP7Paw9","action":"Commit Request", "result":"", "context":Item count: 1
Contributing types: Sessions}
{"logTime": "0302/025800", "correlationVector":"ydiZjCYyvRYIAKVVP7Paw9.1","action":"SyncServerConnectionManagerRequest", "result":"SYNC_SERVER_OK", "context":{"environment":"Prod_SouthCentralUS_000i", "migrationStage":"NotStarted", "server":"GENERAL0100001G"}}
{"logTime": "0302/025800", "correlationVector":"ydiZjCYyvRYIAKVVP7Paw9.2","action":"Commit Response", "result":"SYNCER_OK", "context":Result: SYNCER_OK. cV=ydiZjCYyvRYIAKVVP7Paw9.0;server=GENERAL0100001G;cloudType=Consumer;environment=Prod_SouthCentralUS_000i;migrationStage=NotStarted}
